            --------------------------------------------------------
                             AMBER SQM VERSION 17
 
                                     By
              Ross C. Walker, Michael F. Crowley, Scott Brozell,
                         Tim Giese, Andreas W. Goetz,
                        Tai-Sung Lee and David A. Case
 
            --------------------------------------------------------
 

--------------------------------------------------------------------------------
  QM CALCULATION INFO
--------------------------------------------------------------------------------

| QMMM: Citation for AMBER QMMM Run:
| QMMM: R.C. Walker, M.F. Crowley and D.A. Case, J. COMP. CHEM. 29:1019, 2008

QMMM: SINGLET STATE CALCULATION
QMMM: RHF CALCULATION, NO. OF DOUBLY OCCUPIED LEVELS = 48

| QMMM: *** Selected Hamiltonian *** 
| QMMM: AM1         

| QMMM: *** Parameter sets in use ***
| QMMM: C : M.J.S.DEWAR et al. JACS, 107, 3902, (1985)
| QMMM: N : M.J.S.DEWAR et al. JACS, 107, 3902, (1985)
| QMMM: O : M.J.S.DEWAR et al. JACS, 107, 3902, (1985)
| QMMM: P : M.J.S.DEWAR et al. THEOCHEM, 187,1, (1989)
| QMMM: H : M.J.S.DEWAR et al. JACS, 107, 3902, (1985)

| QMMM: *** SCF convergence criteria ***
| QMMM: Energy change                :  0.1D-09 kcal/mol
| QMMM: Error matrix |FP-PF|         :  0.1D+00 au
| QMMM: Density matrix change        :  0.5D-06
| QMMM: Maximum number of SCF cycles :     1000

| QMMM: *** Diagonalization Routine Information ***
| QMMM: Pseudo diagonalizations are allowed.
| QMMM: Auto diagonalization routine selection is in use.
| QMMM:
| QMMM: Timing diagonalization routines:
| QMMM:                              norbs =       85
| QMMM:    diag iterations used for timing =       15
| QMMM:
| QMMM:              Internal diag routine = 0.031121 seconds
| QMMM:                 Dspev diag routine = 0.018729 seconds
| QMMM:                Dspevd diag routine = 0.013686 seconds
| QMMM:                Dspevx diag routine = 0.061927 seconds
| QMMM:                 Dsyev diag routine = 0.020149 seconds
| QMMM:                Dsyevd diag routine = 0.015879 seconds
| QMMM:                Dsyevr diag routine = 0.017458 seconds
| QMMM:
| QMMM:                Pseudo diag routine = 0.006682 seconds
| QMMM:
| QMMM: Using dspevd routine (diag_routine=3).

  QMMM: QM Region Cartesian Coordinates (*=link atom) 
  QMMM: QM_NO.   MM_NO.  ATOM         X         Y         Z
  QMMM:     1        1      C       10.9570   16.0230    8.4570
  QMMM:     2        2      C       10.4460   14.7670    8.7440
  QMMM:     3        3      C       11.0380   13.6730    8.1300
  QMMM:     4        4      C       12.0110   16.1580    7.5950
  QMMM:     5        5      C       12.6020   15.0360    6.9830
  QMMM:     6        6      C       12.1400   13.7470    7.2240
  QMMM:     7        7      C       12.8120   12.6840    6.5420
  QMMM:     8        8      C       12.5470   11.1810    6.6230
  QMMM:     9        9      C       13.8680   13.0400    5.7120
  QMMM:    10       10      C       14.2600   14.3520    5.5330
  QMMM:    11       11      N       13.6290   15.3130    6.1640
  QMMM:    12       12      O       11.7780    8.9760    5.2440
  QMMM:    13       13      O       10.0330   10.7140    5.4950
  QMMM:    14       14      O       11.9390   11.0750    3.9480
  QMMM:    15       15      O       15.1650   14.6010    4.8120
  QMMM:    16       16      P       11.5090   10.4650    5.2630
  QMMM:    17       17      C       10.3520   17.2560    9.1000
  QMMM:    18       18      C       10.3640   12.3760    8.5430
  QMMM:    19       19      H       13.4300   10.7120    6.6160
  QMMM:    20       20      H       12.0870   10.9950    7.4910
  QMMM:    21       21      H        9.6770   14.6500    9.3730
  QMMM:    22       22      H       12.3650   17.0730    7.4000
  QMMM:    23       23      H       14.3630   12.3190    5.2260
  QMMM:    24       24      H       13.9160   16.2620    6.0340
  QMMM:    25       25      H        9.7020   10.1990    6.2930
  QMMM:    26       26      H        9.2410   17.0220    9.4900
  QMMM:    27       27      H       11.0340   17.5890   10.0300
  QMMM:    28       28      H       10.3040   18.1530    8.3040
  QMMM:    29       29      H        9.3480   12.5630    9.1540
  QMMM:    30       30      H       11.0910   11.7460    9.2610
  QMMM:    31       31      H       10.0520   11.7610    7.5640

--------------------------------------------------------------------------------
  RESULTS
--------------------------------------------------------------------------------

      iter         sqm energy              rms gradient
      ----    -------------------    -----------------------
xmin    10     -240.9124 kcal/mol        0.4118 kcal/(mol*A)
xmin    20     -241.6046 kcal/mol        1.3905 kcal/(mol*A)
xmin    30     -242.6157 kcal/mol        1.6016 kcal/(mol*A)
xmin    40     -242.8490 kcal/mol        0.2033 kcal/(mol*A)
xmin    50     -242.9046 kcal/mol        0.1975 kcal/(mol*A)
xmin    60     -242.9149 kcal/mol        0.0291 kcal/(mol*A)
xmin    70     -242.9202 kcal/mol        0.1389 kcal/(mol*A)
xmin    80     -242.9322 kcal/mol        0.1401 kcal/(mol*A)
xmin    90     -242.9258 kcal/mol        0.0660 kcal/(mol*A)
xmin   100     -242.9360 kcal/mol        0.1709 kcal/(mol*A)
xmin   110     -242.9323 kcal/mol        0.0785 kcal/(mol*A)
xmin   120     -242.9423 kcal/mol        0.2308 kcal/(mol*A)
xmin   130     -242.9500 kcal/mol        0.1612 kcal/(mol*A)
xmin   140     -242.9612 kcal/mol        0.1319 kcal/(mol*A)
xmin   150     -241.7803 kcal/mol        5.0788 kcal/(mol*A)
xmin   160     -242.9713 kcal/mol        0.0266 kcal/(mol*A)
xmin   170     -242.9716 kcal/mol        0.0087 kcal/(mol*A)
xmin   180     -242.9718 kcal/mol        0.0053 kcal/(mol*A)
xmin   190     -242.9718 kcal/mol        0.0050 kcal/(mol*A)
xmin   200     -242.9718 kcal/mol        0.0056 kcal/(mol*A)
xmin   210     -242.9718 kcal/mol        0.0027 kcal/(mol*A)
  ... geometry converged !
 
 Final MO eigenvalues (eV):
 -38.4623  -36.2243  -33.7785  -33.0447  -31.8537  -30.9243  -28.7900  -28.7313
 -28.3077  -26.1472  -25.2402  -24.6015  -20.9899  -19.9547  -19.2436  -16.4656
 -15.5470  -15.3130  -14.5858  -13.4902  -13.2464  -13.1209  -12.7864  -12.3531
 -12.1830  -11.7907  -11.7031  -11.4241  -11.2346  -10.9841  -10.8192  -10.4116
 -10.2725  -10.2076   -9.8590   -9.6693   -9.1290   -8.8880   -8.5835   -8.2108
  -8.0309   -7.6936   -6.6053   -6.4067   -6.1047   -6.0924   -6.0505   -5.8700
   2.2780    2.8669    3.6250    4.5938    4.8009    5.5406    5.9960    6.1054
   6.1360    6.3693    6.4500    6.5122    6.5950    6.6718    6.7473    6.7794
   7.0148    7.0205    7.1100    7.2039    7.2968    7.5043    7.6311    7.6728
   7.7533    7.8767    8.0354    8.2320    8.2686    8.4034    8.5094    8.8715
   9.1908    9.8423   10.4681   11.3299   12.7386

 Heat of formation   =       -242.97181310 kcal/mol  (      -10.53604844 eV)

 Total SCF energy    =     -76943.59610559 kcal/mol  (    -3336.52469995 eV)
 Electronic energy   =    -468442.49837556 kcal/mol  (   -20313.19103142 eV)
 Core-core repulsion =     391498.90226997 kcal/mol  (    16976.66633147 eV)
 
    Atomic Charges for Step       1 :
  Atom    Element       Mulliken Charge
     1      C                 -0.028
     2      C                 -0.191
     3      C                  0.024
     4      C                 -0.209
     5      C                  0.116
     6      C                 -0.085
     7      C                  0.127
     8      C                 -0.796
     9      C                 -0.278
    10      C                  0.350
    11      N                 -0.305
    12      O                 -1.189
    13      O                 -0.836
    14      O                 -1.148
    15      O                 -0.408
    16      P                  2.608
    17      C                 -0.174
    18      C                 -0.201
    19      H                  0.125
    20      H                  0.125
    21      H                  0.123
    22      H                  0.123
    23      H                  0.157
    24      H                  0.230
    25      H                  0.223
    26      H                  0.086
    27      H                  0.073
    28      H                  0.071
    29      H                  0.061
    30      H                  0.082
    31      H                  0.145
 Total Mulliken Charge =      -1.000
 
                  X        Y        Z     TOTAL  
  QM DIPOLE   -57.356  -55.641  -21.287   82.696
 
 Final Structure

  QMMM: QM Region Cartesian Coordinates (*=link atom) 
  QMMM: QM_NO.   MM_NO.  ATOM         X         Y         Z
  QMMM:     1        1      C       10.8742   16.0082    8.2724
  QMMM:     2        2      C       10.5446   14.7216    8.7107
  QMMM:     3        3      C       11.2190   13.5896    8.2478
  QMMM:     4        4      C       11.9519   16.1707    7.4176
  QMMM:     5        5      C       12.6653   15.0394    6.9460
  QMMM:     6        6      C       12.2357   13.7106    7.2711
  QMMM:     7        7      C       12.8830   12.6142    6.5481
  QMMM:     8        8      C       12.3513   11.2492    6.4616
  QMMM:     9        9      C       14.0471   12.8704    5.8751
  QMMM:    10       10      C       14.5862   14.2073    5.6925
  QMMM:    11       11      N       13.8143   15.2593    6.1960
  QMMM:    12       12      O       11.4039    9.6508    4.6477
  QMMM:    13       13      O        9.8591   10.6296    6.2291
  QMMM:    14       14      O       10.8310   12.1979    4.4699
  QMMM:    15       15      O       15.6611   14.4899    5.1180
  QMMM:    16       16      P       11.1371   10.9812    5.2434
  QMMM:    17       17      C       10.0850   17.1752    8.7310
  QMMM:    18       18      C       10.8323   12.3123    8.8998
  QMMM:    19       19      H       13.1844   10.5389    6.2077
  QMMM:    20       20      H       11.9388   10.8821    7.4284
  QMMM:    21       21      H        9.7268   14.6027    9.4375
  QMMM:    22       22      H       12.2513   17.1811    7.1022
  QMMM:    23       23      H       14.6016   12.0769    5.3527
  QMMM:    24       24      H       14.0640   16.1935    5.9651
  QMMM:    25       25      H        9.5351    9.7499    6.0760
  QMMM:    26       26      H        9.1387   17.2461    8.1373
  QMMM:    27       27      H        9.8134   17.0706    9.8103
  QMMM:    28       28      H       10.6541   18.1278    8.5992
  QMMM:    29       29      H       10.2841   12.5112    9.8562
  QMMM:    30       30      H       11.7368   11.7082    9.1568
  QMMM:    31       31      H       10.1488   11.7147    8.2410

           --------- Calculation Completed ----------

