            --------------------------------------------------------
                             AMBER SQM VERSION 17
 
                                     By
              Ross C. Walker, Michael F. Crowley, Scott Brozell,
                         Tim Giese, Andreas W. Goetz,
                        Tai-Sung Lee and David A. Case
 
            --------------------------------------------------------
 

--------------------------------------------------------------------------------
  QM CALCULATION INFO
--------------------------------------------------------------------------------

| QMMM: Citation for AMBER QMMM Run:
| QMMM: R.C. Walker, M.F. Crowley and D.A. Case, J. COMP. CHEM. 29:1019, 2008

QMMM: SINGLET STATE CALCULATION
QMMM: RHF CALCULATION, NO. OF DOUBLY OCCUPIED LEVELS = 45

| QMMM: *** Selected Hamiltonian *** 
| QMMM: AM1         

| QMMM: *** Parameter sets in use ***
| QMMM: C : M.J.S.DEWAR et al. JACS, 107, 3902, (1985)
| QMMM: O : M.J.S.DEWAR et al. JACS, 107, 3902, (1985)
| QMMM: P : M.J.S.DEWAR et al. THEOCHEM, 187,1, (1989)
| QMMM: H : M.J.S.DEWAR et al. JACS, 107, 3902, (1985)

| QMMM: *** SCF convergence criteria ***
| QMMM: Energy change                :  0.1D-09 kcal/mol
| QMMM: Error matrix |FP-PF|         :  0.1D+00 au
| QMMM: Density matrix change        :  0.5D-06
| QMMM: Maximum number of SCF cycles :     1000

| QMMM: *** Diagonalization Routine Information ***
| QMMM: Pseudo diagonalizations are allowed.
| QMMM: Auto diagonalization routine selection is in use.
| QMMM:
| QMMM: Timing diagonalization routines:
| QMMM:                              norbs =       78
| QMMM:    diag iterations used for timing =       15
| QMMM:
| QMMM:              Internal diag routine = 0.027295 seconds
| QMMM:                 Dspev diag routine = 0.016233 seconds
| QMMM:                Dspevd diag routine = 0.011379 seconds
| QMMM:                Dspevx diag routine = 0.051130 seconds
| QMMM:                 Dsyev diag routine = 0.018796 seconds
| QMMM:                Dsyevd diag routine = 0.013031 seconds
| QMMM:                Dsyevr diag routine = 0.014917 seconds
| QMMM:
| QMMM:                Pseudo diag routine = 0.005141 seconds
| QMMM:
| QMMM: Using dspevd routine (diag_routine=3).

  QMMM: QM Region Cartesian Coordinates (*=link atom) 
  QMMM: QM_NO.   MM_NO.  ATOM         X         Y         Z
  QMMM:     1        1      C       10.9570   15.9670    8.4500
  QMMM:     2        2      C       10.4900   14.6770    8.6960
  QMMM:     3        3      C       11.0660   13.5880    8.0960
  QMMM:     4        4      C       12.0110   16.1580    7.5950
  QMMM:     5        5      C       12.6020   15.0360    6.9830
  QMMM:     6        6      C       12.1400   13.7470    7.2240
  QMMM:     7        7      C       12.8120   12.6840    6.5420
  QMMM:     8        8      C       12.5470   11.1810    6.6230
  QMMM:     9        9      C       13.8680   13.0400    5.7120
  QMMM:    10       10      C       14.2600   14.3520    5.5330
  QMMM:    11       11      O       13.6290   15.3130    6.1640
  QMMM:    12       12      O       11.7780    8.9760    5.2440
  QMMM:    13       13      O       10.0330   10.7140    5.4950
  QMMM:    14       14      O       11.9390   11.0750    3.9480
  QMMM:    15       15      O       15.1650   14.6010    4.8120
  QMMM:    16       16      P       11.5090   10.4650    5.2630
  QMMM:    17       17      C        9.3230   14.4320    9.6380
  QMMM:    18       18      H       10.5250   16.7510    8.8970
  QMMM:    19       19      H       10.7130   12.6720    8.2860
  QMMM:    20       20      H       13.4300   10.7120    6.6160
  QMMM:    21       21      H       12.0870   10.9950    7.4910
  QMMM:    22       22      H       12.3650   17.0730    7.4000
  QMMM:    23       23      H       14.3630   12.3190    5.2260
  QMMM:    24       24      H        9.7020   10.1990    6.2930
  QMMM:    25       25      H        8.3120   14.8300    9.1290
  QMMM:    26       26      H        9.5160   15.0310   10.6590
  QMMM:    27       27      H        9.2060   13.2620    9.8850

--------------------------------------------------------------------------------
  RESULTS
--------------------------------------------------------------------------------

      iter         sqm energy              rms gradient
      ----    -------------------    -----------------------
xmin    10     -280.3958 kcal/mol        1.3460 kcal/(mol*A)
xmin    20     -280.8752 kcal/mol        0.4235 kcal/(mol*A)
xmin    30     -280.9347 kcal/mol        0.3277 kcal/(mol*A)
xmin    40     -280.9457 kcal/mol        0.0087 kcal/(mol*A)
xmin    50     -280.9459 kcal/mol        0.0027 kcal/(mol*A)
xmin    60     -280.9459 kcal/mol        0.0021 kcal/(mol*A)
xmin    70     -280.9459 kcal/mol        0.0007 kcal/(mol*A)
xmin    80     -280.9459 kcal/mol        0.0020 kcal/(mol*A)
xmin    90     -280.9459 kcal/mol        0.0064 kcal/(mol*A)
xmin   100     -280.9459 kcal/mol        0.0036 kcal/(mol*A)
xmin   110     -280.9459 kcal/mol        0.0089 kcal/(mol*A)
xmin   120     -280.9459 kcal/mol        0.0027 kcal/(mol*A)
xmin   130     -280.9460 kcal/mol        0.0166 kcal/(mol*A)
xmin   140     -280.9461 kcal/mol        0.0087 kcal/(mol*A)
xmin   150     -280.9462 kcal/mol        0.0136 kcal/(mol*A)
xmin   160     -280.9463 kcal/mol        0.0337 kcal/(mol*A)
xmin   170     -280.9466 kcal/mol        0.0061 kcal/(mol*A)
xmin   180     -280.9468 kcal/mol        0.0091 kcal/(mol*A)
xmin   190     -280.9412 kcal/mol        0.1413 kcal/(mol*A)
xmin   200     -280.9460 kcal/mol        0.0080 kcal/(mol*A)
xmin   210     -280.9461 kcal/mol        0.0019 kcal/(mol*A)
xmin   220     -280.9462 kcal/mol        0.0206 kcal/(mol*A)
xmin   230     -280.9466 kcal/mol        0.0089 kcal/(mol*A)
xmin   240     -280.9473 kcal/mol        0.0110 kcal/(mol*A)
xmin   250     -280.9487 kcal/mol        0.0220 kcal/(mol*A)
xmin   260     -280.9512 kcal/mol        0.0443 kcal/(mol*A)
xmin   270     -280.9535 kcal/mol        0.0862 kcal/(mol*A)
xmin   280     -280.9599 kcal/mol        0.1450 kcal/(mol*A)
xmin   290     -280.9646 kcal/mol        0.0836 kcal/(mol*A)
xmin   300     -280.9664 kcal/mol        0.0639 kcal/(mol*A)
xmin   310     -280.9687 kcal/mol        0.0570 kcal/(mol*A)
xmin   320     -280.9699 kcal/mol        0.0418 kcal/(mol*A)
xmin   330     -280.9703 kcal/mol        0.0216 kcal/(mol*A)
xmin   340     -280.9705 kcal/mol        0.0031 kcal/(mol*A)
xmin   350     -280.9706 kcal/mol        0.0101 kcal/(mol*A)
xmin   360     -280.9707 kcal/mol        0.0045 kcal/(mol*A)
xmin   370     -280.9708 kcal/mol        0.0023 kcal/(mol*A)
xmin   380     -280.9708 kcal/mol        0.0038 kcal/(mol*A)
  ... geometry converged !
 
 Final MO eigenvalues (eV):
 -39.0483  -36.7268  -34.6113  -33.7849  -32.0454  -30.3394  -29.0691  -28.9474
 -28.4952  -26.3886  -25.0213  -21.9842  -20.7394  -19.8535  -17.2208  -15.9538
 -15.2081  -14.7444  -14.1476  -13.4430  -13.2002  -13.0536  -12.3790  -12.3125
 -12.1451  -11.7290  -11.3493  -11.1221  -11.0520  -10.7669  -10.6314  -10.1662
  -9.7267   -9.6015   -9.5102   -9.1117   -8.4695   -8.3567   -8.0623   -6.9788
  -6.6758   -6.5195   -6.2903   -6.2401   -6.1617    2.0724    2.6701    3.3634
   4.5892    4.6183    5.3827    5.8081    5.9596    6.1092    6.1947    6.3253
   6.4790    6.5909    6.6588    6.7944    6.8357    6.9264    6.9928    7.2904
   7.4113    7.4609    7.5239    7.6040    7.8614    8.0266    8.1025    8.2087
   8.7801    9.0047    9.5268   10.2457   11.1490   12.5542

 Heat of formation   =       -280.97076845 kcal/mol  (      -12.18380679 eV)

 Total SCF energy    =     -75648.23209576 kcal/mol  (    -3280.35350140 eV)
 Electronic energy   =    -425208.88515591 kcal/mol  (   -18438.44088096 eV)
 Core-core repulsion =     349560.65306015 kcal/mol  (    15158.08737957 eV)
 
    Atomic Charges for Step       1 :
  Atom    Element       Mulliken Charge
     1      C                 -0.099
     2      C                 -0.117
     3      C                 -0.055
     4      C                 -0.166
     5      C                  0.099
     6      C                 -0.112
     7      C                  0.142
     8      C                 -0.788
     9      C                 -0.286
    10      C                  0.353
    11      O                 -0.207
    12      O                 -1.186
    13      O                 -0.837
    14      O                 -1.146
    15      O                 -0.343
    16      P                  2.607
    17      C                 -0.169
    18      H                  0.121
    19      H                  0.176
    20      H                  0.127
    21      H                  0.123
    22      H                  0.142
    23      H                  0.164
    24      H                  0.225
    25      H                  0.068
    26      H                  0.070
    27      H                  0.094
 Total Mulliken Charge =      -1.000
 
                  X        Y        Z     TOTAL  
  QM DIPOLE   -58.419  -55.683  -21.939   83.635
 
 Final Structure

  QMMM: QM Region Cartesian Coordinates (*=link atom) 
  QMMM: QM_NO.   MM_NO.  ATOM         X         Y         Z
  QMMM:     1        1      C       10.9158   15.8821    8.3815
  QMMM:     2        2      C       10.4392   14.5708    8.5357
  QMMM:     3        3      C       11.0873   13.5165    7.8933
  QMMM:     4        4      C       12.0229   16.1413    7.5903
  QMMM:     5        5      C       12.6692   15.0697    6.9453
  QMMM:     6        6      C       12.2212   13.7403    7.0947
  QMMM:     7        7      C       12.9480   12.6774    6.4064
  QMMM:     8        8      C       12.5945   11.2712    6.5923
  QMMM:     9        9      C       14.0208   13.0375    5.6468
  QMMM:    10       10      C       14.4391   14.4104    5.4959
  QMMM:    11       11      O       13.7571   15.4220    6.1766
  QMMM:    12       12      O       11.6031    9.1519    5.4733
  QMMM:    13       13      O       10.0840   10.7142    6.5302
  QMMM:    14       14      O       11.1731   11.4752    4.3467
  QMMM:    15       15      O       15.3799   14.8880    4.8543
  QMMM:    16       16      P       11.3890   10.6165    5.5244
  QMMM:    17       17      C        9.2492   14.3073    9.3781
  QMMM:    18       18      H       10.3993   16.7116    8.8865
  QMMM:    19       19      H       10.6773   12.4959    7.9994
  QMMM:    20       20      H       13.5036   10.6292    6.4549
  QMMM:    21       21      H       12.2374   11.0968    7.6387
  QMMM:    22       22      H       12.4030   17.1618    7.4473
  QMMM:    23       23      H       14.6122   12.2983    5.0870
  QMMM:    24       24      H        9.7136    9.8566    6.7037
  QMMM:    25       25      H        8.5617   15.1884    9.3858
  QMMM:    26       26      H        9.5629   14.0989   10.4320
  QMMM:    27       27      H        8.6835   13.4202    8.9989

           --------- Calculation Completed ----------

