            --------------------------------------------------------
                             AMBER SQM VERSION 17
 
                                     By
              Ross C. Walker, Michael F. Crowley, Scott Brozell,
                         Tim Giese, Andreas W. Goetz,
                        Tai-Sung Lee and David A. Case
 
            --------------------------------------------------------
 

--------------------------------------------------------------------------------
  QM CALCULATION INFO
--------------------------------------------------------------------------------

| QMMM: Citation for AMBER QMMM Run:
| QMMM: R.C. Walker, M.F. Crowley and D.A. Case, J. COMP. CHEM. 29:1019, 2008

QMMM: SINGLET STATE CALCULATION
QMMM: RHF CALCULATION, NO. OF DOUBLY OCCUPIED LEVELS = 51

| QMMM: *** Selected Hamiltonian *** 
| QMMM: AM1         

| QMMM: *** Parameter sets in use ***
| QMMM: C : M.J.S.DEWAR et al. JACS, 107, 3902, (1985)
| QMMM: O : M.J.S.DEWAR et al. JACS, 107, 3902, (1985)
| QMMM: P : M.J.S.DEWAR et al. THEOCHEM, 187,1, (1989)
| QMMM: H : M.J.S.DEWAR et al. JACS, 107, 3902, (1985)

| QMMM: *** SCF convergence criteria ***
| QMMM: Energy change                :  0.1D-09 kcal/mol
| QMMM: Error matrix |FP-PF|         :  0.1D+00 au
| QMMM: Density matrix change        :  0.5D-06
| QMMM: Maximum number of SCF cycles :     1000

| QMMM: *** Diagonalization Routine Information ***
| QMMM: Pseudo diagonalizations are allowed.
| QMMM: Auto diagonalization routine selection is in use.
| QMMM:
| QMMM: Timing diagonalization routines:
| QMMM:                              norbs =       88
| QMMM:    diag iterations used for timing =       15
| QMMM:
| QMMM:              Internal diag routine = 0.034682 seconds
| QMMM:                 Dspev diag routine = 0.020626 seconds
| QMMM:                Dspevd diag routine = 0.015256 seconds
| QMMM:                Dspevx diag routine = 0.070056 seconds
| QMMM:                 Dsyev diag routine = 0.023830 seconds
| QMMM:                Dsyevd diag routine = 0.017731 seconds
| QMMM:                Dsyevr diag routine = 0.019530 seconds
| QMMM:
| QMMM:                Pseudo diag routine = 0.008333 seconds
| QMMM:
| QMMM: Using dspevd routine (diag_routine=3).

  QMMM: QM Region Cartesian Coordinates (*=link atom) 
  QMMM: QM_NO.   MM_NO.  ATOM         X         Y         Z
  QMMM:     1        1      C       10.9580   15.9630    8.4490
  QMMM:     2        2      C       10.4900   14.6770    8.6960
  QMMM:     3        3      C       11.0520   13.5710    8.1010
  QMMM:     4        4      C       12.0110   16.1580    7.5950
  QMMM:     5        5      C       12.6020   15.0360    6.9830
  QMMM:     6        6      C       12.1400   13.7470    7.2240
  QMMM:     7        7      C       12.8120   12.6840    6.5420
  QMMM:     8        8      C       12.5470   11.1810    6.6230
  QMMM:     9        9      C       13.8680   13.0400    5.7120
  QMMM:    10       10      C       14.2600   14.3520    5.5330
  QMMM:    11       11      O       13.6290   15.3130    6.1640
  QMMM:    12       12      O       11.7780    8.9760    5.2440
  QMMM:    13       13      O       10.0330   10.7140    5.4950
  QMMM:    14       14      O       11.9390   11.0750    3.9480
  QMMM:    15       15      O       15.1650   14.6010    4.8120
  QMMM:    16       16      P       11.5090   10.4650    5.2630
  QMMM:    17       17      C       10.3170   17.1590    9.1280
  QMMM:    18       18      O       10.5690   12.3480    8.3460
  QMMM:    19       19      C        9.4610   12.1860    9.2570
  QMMM:    20       20      H        9.7220   14.5430    9.3230
  QMMM:    21       21      H       13.4300   10.7120    6.6160
  QMMM:    22       22      H       12.0870   10.9950    7.4910
  QMMM:    23       23      H       12.3650   17.0730    7.4000
  QMMM:    24       24      H       14.3630   12.3190    5.2260
  QMMM:    25       25      H        9.7010   10.1990    6.2930
  QMMM:    26       26      H        9.2060   16.8870    9.4930
  QMMM:    27       27      H       10.9790   17.4730   10.0780
  QMMM:    28       28      H       10.2610   18.0840    8.3660
  QMMM:    29       29      H        8.5000   12.7720    8.8390
  QMMM:    30       30      H        9.1960   11.0200    9.3410
  QMMM:    31       31      H        9.7640   12.5930   10.3450

--------------------------------------------------------------------------------
  RESULTS
--------------------------------------------------------------------------------

      iter         sqm energy              rms gradient
      ----    -------------------    -----------------------
xmin    10     -310.6016 kcal/mol        1.1096 kcal/(mol*A)
xmin    20     -312.6074 kcal/mol        0.8794 kcal/(mol*A)
xmin    30     -312.9451 kcal/mol        0.4041 kcal/(mol*A)
xmin    40     -313.3191 kcal/mol        0.2149 kcal/(mol*A)
xmin    50     -313.7821 kcal/mol        0.3876 kcal/(mol*A)
xmin    60     -314.2432 kcal/mol        0.3077 kcal/(mol*A)
xmin    70     -315.0471 kcal/mol        1.2405 kcal/(mol*A)
xmin    80     -316.0527 kcal/mol        0.2303 kcal/(mol*A)
xmin    90     -316.1104 kcal/mol        0.4130 kcal/(mol*A)
xmin   100     -316.1413 kcal/mol        0.1862 kcal/(mol*A)
xmin   110     -316.1527 kcal/mol        0.0302 kcal/(mol*A)
xmin   120     -316.1551 kcal/mol        0.0572 kcal/(mol*A)
xmin   130     -316.1587 kcal/mol        0.0294 kcal/(mol*A)
xmin   140     -316.1623 kcal/mol        0.0480 kcal/(mol*A)
xmin   150     -316.1630 kcal/mol        0.0180 kcal/(mol*A)
xmin   160     -316.1634 kcal/mol        0.0122 kcal/(mol*A)
xmin   170     -316.1635 kcal/mol        0.0053 kcal/(mol*A)
xmin   180     -316.1636 kcal/mol        0.0052 kcal/(mol*A)
xmin   190     -316.1636 kcal/mol        0.0023 kcal/(mol*A)
xmin   200     -316.1636 kcal/mol        0.0021 kcal/(mol*A)
xmin   210     -316.1636 kcal/mol        0.0036 kcal/(mol*A)
xmin   220     -316.1637 kcal/mol        0.0009 kcal/(mol*A)
xmin   230     -316.1637 kcal/mol        0.0025 kcal/(mol*A)
  ... geometry converged !
 
 Final MO eigenvalues (eV):
 -39.0989  -37.3571  -35.6470  -34.4576  -33.5853  -31.9840  -29.9981  -29.0243
 -28.8388  -27.9404  -26.2579  -25.6095  -24.6154  -21.6252  -20.6075  -19.8111
 -17.0570  -16.2932  -15.5195  -14.8249  -14.4536  -14.2101  -13.7400  -13.4984
 -13.1836  -12.5565  -12.4491  -12.3714  -12.1020  -11.7406  -11.2038  -11.1358
 -10.9662  -10.8992  -10.6182  -10.3300  -10.1965   -9.8501   -9.6935   -9.3278
  -8.8563   -8.4973   -8.4193   -8.2185   -7.8884   -6.7099   -6.6723   -6.5252
  -6.2940   -6.2209   -6.0415    2.0249    2.6990    3.3293    4.5599    4.6047
   5.2715    5.3469    5.8846    5.9641    6.1426    6.1804    6.2203    6.3524
   6.4680    6.6134    6.7360    6.8390    6.9476    7.0577    7.1542    7.2220
   7.3832    7.4636    7.5749    7.6792    7.7808    7.8423    7.9963    8.1774
   8.2754    8.7993    8.9927    9.0481    9.5624   10.3896   11.1755   12.6162


 Heat of formation   =       -316.16365745 kcal/mol  (      -13.70988498 eV)

 Total SCF energy    =     -86619.40804701 kcal/mol  (    -3756.09939062 eV)
 Electronic energy   =    -525989.36127828 kcal/mol  (   -22808.61026314 eV)
 Core-core repulsion =     439369.95323127 kcal/mol  (    19052.51087252 eV)
 
    Atomic Charges for Step       1 :
  Atom    Element       Mulliken Charge
     1      C                 -0.017
     2      C                 -0.225
     3      C                  0.167
     4      C                 -0.190
     5      C                  0.121
     6      C                 -0.134
     7      C                  0.142
     8      C                 -0.791
     9      C                 -0.298
    10      C                  0.352
    11      O                 -0.210
    12      O                 -1.182
    13      O                 -0.833
    14      O                 -1.169
    15      O                 -0.342
    16      P                  2.619
    17      C                 -0.176
    18      O                 -0.228
    19      C                 -0.080
    20      H                  0.135
    21      H                  0.118
    22      H                  0.148
    23      H                  0.145
    24      H                  0.174
    25      H                  0.225
    26      H                  0.086
    27      H                  0.077
    28      H                  0.076
    29      H                  0.157
    30      H                  0.101
    31      H                  0.031
 Total Mulliken Charge =      -1.000
 
                  X        Y        Z     TOTAL  
  QM DIPOLE   -56.849  -56.440  -24.289   83.709
 
 Final Structure

  QMMM: QM Region Cartesian Coordinates (*=link atom) 
  QMMM: QM_NO.   MM_NO.  ATOM         X         Y         Z
  QMMM:     1        1      C       11.0461   16.1457    8.3483
  QMMM:     2        2      C       10.6200   14.8960    8.8097
  QMMM:     3        3      C       11.2040   13.7167    8.3321
  QMMM:     4        4      C       12.0875   16.2148    7.4302
  QMMM:     5        5      C       12.6615   15.0245    6.9477
  QMMM:     6        6      C       12.2062   13.7396    7.3288
  QMMM:     7        7      C       12.7764   12.5832    6.6431
  QMMM:     8        8      C       12.2764   11.2191    6.8155
  QMMM:     9        9      C       13.8361   12.8046    5.8088
  QMMM:    10       10      C       14.3580   14.1187    5.5390
  QMMM:    11       11      O       13.7117   15.2320    6.0805
  QMMM:    12       12      O       11.4883   10.6210    4.3606
  QMMM:    13       13      O       10.8669    9.1741    6.1938
  QMMM:    14       14      O        9.7463   11.4488    6.1449
  QMMM:    15       15      O       15.3344   14.4738    4.8720
  QMMM:    16       16      P       10.9903   10.7536    5.7467
  QMMM:    17       17      C       10.3922   17.3794    8.8434
  QMMM:    18       18      O       10.8750   12.5236    8.9427
  QMMM:    19       19      C        9.4733   12.2309    8.9791
  QMMM:    20       20      H        9.8184   14.8343    9.5589
  QMMM:    21       21      H       13.1102   10.4902    6.6412
  QMMM:    22       22      H       11.9140   11.0462    7.8595
  QMMM:    23       23      H       12.4725   17.1778    7.0680
  QMMM:    24       24      H       14.3113   11.9825    5.2510
  QMMM:    25       25      H       11.0648    8.5900    5.4708
  QMMM:    26       26      H        9.4043   17.5134    8.3345
  QMMM:    27       27      H       10.2122   17.3159    9.9450
  QMMM:    28       28      H       11.0194   18.2808    8.6370
  QMMM:    29       29      H        8.9968   12.4204    7.9836
  QMMM:    30       30      H        9.4471   11.1379    9.2161
  QMMM:    31       31      H        8.9925   12.8263    9.7933

           --------- Calculation Completed ----------

