            --------------------------------------------------------
                             AMBER SQM VERSION 17
 
                                     By
              Ross C. Walker, Michael F. Crowley, Scott Brozell,
                         Tim Giese, Andreas W. Goetz,
                        Tai-Sung Lee and David A. Case
 
            --------------------------------------------------------
 

--------------------------------------------------------------------------------
  QM CALCULATION INFO
--------------------------------------------------------------------------------

| QMMM: Citation for AMBER QMMM Run:
| QMMM: R.C. Walker, M.F. Crowley and D.A. Case, J. COMP. CHEM. 29:1019, 2008

QMMM: SINGLET STATE CALCULATION
QMMM: RHF CALCULATION, NO. OF DOUBLY OCCUPIED LEVELS = 48

| QMMM: *** Selected Hamiltonian *** 
| QMMM: AM1         

| QMMM: *** Parameter sets in use ***
| QMMM: C : M.J.S.DEWAR et al. JACS, 107, 3902, (1985)
| QMMM: O : M.J.S.DEWAR et al. JACS, 107, 3902, (1985)
| QMMM: P : M.J.S.DEWAR et al. THEOCHEM, 187,1, (1989)
| QMMM: H : M.J.S.DEWAR et al. JACS, 107, 3902, (1985)

| QMMM: *** SCF convergence criteria ***
| QMMM: Energy change                :  0.1D-09 kcal/mol
| QMMM: Error matrix |FP-PF|         :  0.1D+00 au
| QMMM: Density matrix change        :  0.5D-06
| QMMM: Maximum number of SCF cycles :     1000

| QMMM: *** Diagonalization Routine Information ***
| QMMM: Pseudo diagonalizations are allowed.
| QMMM: Auto diagonalization routine selection is in use.
| QMMM:
| QMMM: Timing diagonalization routines:
| QMMM:                              norbs =       82
| QMMM:    diag iterations used for timing =       15
| QMMM:
| QMMM:              Internal diag routine = 0.029204 seconds
| QMMM:                 Dspev diag routine = 0.017645 seconds
| QMMM:                Dspevd diag routine = 0.012707 seconds
| QMMM:                Dspevx diag routine = 0.054664 seconds
| QMMM:                 Dsyev diag routine = 0.019026 seconds
| QMMM:                Dsyevd diag routine = 0.014522 seconds
| QMMM:                Dsyevr diag routine = 0.016052 seconds
| QMMM:
| QMMM:                Pseudo diag routine = 0.005872 seconds
| QMMM:
| QMMM: Using dspevd routine (diag_routine=3).

  QMMM: QM Region Cartesian Coordinates (*=link atom) 
  QMMM: QM_NO.   MM_NO.  ATOM         X         Y         Z
  QMMM:     1        1      C       10.9500   15.9970    8.4450
  QMMM:     2        2      C       10.4850   14.6930    8.6980
  QMMM:     3        3      C       11.0670   13.5880    8.0960
  QMMM:     4        4      C       12.0110   16.1580    7.5950
  QMMM:     5        5      C       12.6020   15.0360    6.9830
  QMMM:     6        6      C       12.1400   13.7470    7.2240
  QMMM:     7        7      C       12.8120   12.6840    6.5420
  QMMM:     8        8      C       12.5470   11.1810    6.6230
  QMMM:     9        9      C       13.8680   13.0400    5.7120
  QMMM:    10       10      C       14.2600   14.3520    5.5330
  QMMM:    11       11      O       13.6290   15.3130    6.1640
  QMMM:    12       12      O       11.7780    8.9760    5.2440
  QMMM:    13       13      O       10.0330   10.7140    5.4950
  QMMM:    14       14      O       11.9390   11.0750    3.9480
  QMMM:    15       15      O       15.1650   14.6010    4.8120
  QMMM:    16       16      P       11.5090   10.4650    5.2630
  QMMM:    17       17      O       10.4750   17.1750    8.8970
  QMMM:    18       18      C        9.4790   17.3210    9.9280
  QMMM:    19       19      H        9.7130   14.5610    9.3190
  QMMM:    20       20      H       10.7130   12.6720    8.2860
  QMMM:    21       21      H       13.4300   10.7120    6.6160
  QMMM:    22       22      H       12.0870   10.9950    7.4910
  QMMM:    23       23      H       12.3650   17.0730    7.4000
  QMMM:    24       24      H       14.3630   12.3190    5.2260
  QMMM:    25       25      H        9.7020   10.1990    6.2930
  QMMM:    26       26      H        8.4120   16.8550    9.6490
  QMMM:    27       27      H        9.2840   18.5030   10.0000
  QMMM:    28       28      H        9.8890   17.0080   11.0110

--------------------------------------------------------------------------------
  RESULTS
--------------------------------------------------------------------------------

      iter         sqm energy              rms gradient
      ----    -------------------    -----------------------
xmin    10     -310.5583 kcal/mol        1.4921 kcal/(mol*A)
xmin    20     -311.6520 kcal/mol        0.3567 kcal/(mol*A)
xmin    30     -311.7270 kcal/mol        0.2807 kcal/(mol*A)
xmin    40     -311.7346 kcal/mol        0.0884 kcal/(mol*A)
xmin    50     -311.7356 kcal/mol        0.0182 kcal/(mol*A)
xmin    60     -311.7357 kcal/mol        0.0039 kcal/(mol*A)
xmin    70     -311.7357 kcal/mol        0.0013 kcal/(mol*A)
  ... geometry converged !
 
 Final MO eigenvalues (eV):
 -39.1552  -37.8923  -35.9247  -34.3558  -33.2742  -32.0649  -29.1398  -29.0125
 -28.9566  -27.6625  -26.4547  -25.7832  -21.7658  -21.5444  -19.9478  -17.8022
 -16.4981  -15.6975  -15.0983  -14.7241  -14.6547  -14.1065  -14.0557  -13.4810
 -12.5314  -12.2714  -12.2015  -11.8883  -11.7625  -11.5153  -11.3250  -10.9917
 -10.7942  -10.5403  -10.1880   -9.7543   -9.6665   -9.4790   -9.1066   -8.4062
  -8.3793   -7.9034   -7.1275   -6.7108   -6.4873   -6.3163   -6.2651   -6.1572
   2.0603    2.6352    3.3292    4.1830    4.5827    4.8538    5.3671    5.6097
   5.8156    5.8332    5.9136    6.0674    6.1231    6.1382    6.3477    6.6169
   6.8071    6.9111    7.0343    7.2645    7.3514    7.4009    7.4995    7.6652
   7.8423    8.0366    8.0682    8.4169    8.7468    8.9762    9.5075   10.2167
  11.1170   12.5283

 Heat of formation   =       -311.73573421 kcal/mol  (      -13.51787582 eV)

 Total SCF energy    =     -83028.12709224 kcal/mol  (    -3600.36976247 eV)
 Electronic energy   =    -468365.15142982 kcal/mol  (   -20309.83701617 eV)
 Core-core repulsion =     385337.02433759 kcal/mol  (    16709.46725370 eV)
 
    Atomic Charges for Step       1 :
  Atom    Element       Mulliken Charge
     1      C                  0.103
     2      C                 -0.240
     3      C                 -0.024
     4      C                 -0.199
     5      C                  0.133
     6      C                 -0.146
     7      C                  0.149
     8      C                 -0.789
     9      C                 -0.292
    10      C                  0.355
    11      O                 -0.207
    12      O                 -1.185
    13      O                 -0.838
    14      O                 -1.146
    15      O                 -0.340
    16      P                  2.607
    17      O                 -0.217
    18      C                 -0.073
    19      H                  0.134
    20      H                  0.180
    21      H                  0.127
    22      H                  0.123
    23      H                  0.159
    24      H                  0.164
    25      H                  0.225
    26      H                  0.077
    27      H                  0.093
    28      H                  0.067
 Total Mulliken Charge =      -1.000
 
                  X        Y        Z     TOTAL  
  QM DIPOLE   -58.801  -56.803  -21.883   84.635
 
 Final Structure

  QMMM: QM Region Cartesian Coordinates (*=link atom) 
  QMMM: QM_NO.   MM_NO.  ATOM         X         Y         Z
  QMMM:     1        1      C       11.0713   15.9938    8.3950
  QMMM:     2        2      C       10.5383   14.7038    8.5501
  QMMM:     3        3      C       11.1344   13.6304    7.9015
  QMMM:     4        4      C       12.1926   16.2183    7.5911
  QMMM:     5        5      C       12.7761   15.1161    6.9449
  QMMM:     6        6      C       12.2723   13.8045    7.0963
  QMMM:     7        7      C       12.9439   12.7128    6.4011
  QMMM:     8        8      C       12.5334   11.3227    6.5935
  QMMM:     9        9      C       14.0221   13.0253    5.6275
  QMMM:    10       10      C       14.4978   14.3777    5.4724
  QMMM:    11       11      O       13.8701   15.4184    6.1658
  QMMM:    12       12      O       11.4071    9.2495    5.5167
  QMMM:    13       13      O        9.9978   10.8998    6.5924
  QMMM:    14       14      O       11.0738   11.5832    4.3781
  QMMM:    15       15      O       15.4485   14.8178    4.8195
  QMMM:    16       16      P       11.2728   10.7237    5.5580
  QMMM:    17       17      O       10.5613   17.1238    9.0116
  QMMM:    18       18      C        9.3279   16.9536    9.6977
  QMMM:    19       19      H        9.6463   14.5326    9.1668
  QMMM:    20       20      H       10.6802   12.6281    8.0095
  QMMM:    21       21      H       13.4095   10.6418    6.4322
  QMMM:    22       22      H       12.1967   11.1624    7.6490
  QMMM:    23       23      H       12.6056   17.2260    7.4574
  QMMM:    24       24      H       14.5732   12.2610    5.0606
  QMMM:    25       25      H        9.5841   10.0655    6.7802
  QMMM:    26       26      H        8.5417   16.5535    9.0126
  QMMM:    27       27      H        9.0695   17.9895   10.0339
  QMMM:    28       28      H        9.4589   16.2775   10.5776

           --------- Calculation Completed ----------

