            --------------------------------------------------------
                             AMBER SQM VERSION 17
 
                                     By
              Ross C. Walker, Michael F. Crowley, Scott Brozell,
                         Tim Giese, Andreas W. Goetz,
                        Tai-Sung Lee and David A. Case
 
            --------------------------------------------------------
 

--------------------------------------------------------------------------------
  QM CALCULATION INFO
--------------------------------------------------------------------------------

| QMMM: Citation for AMBER QMMM Run:
| QMMM: R.C. Walker, M.F. Crowley and D.A. Case, J. COMP. CHEM. 29:1019, 2008

QMMM: SINGLET STATE CALCULATION
QMMM: RHF CALCULATION, NO. OF DOUBLY OCCUPIED LEVELS = 48

| QMMM: *** Selected Hamiltonian *** 
| QMMM: AM1         

| QMMM: *** Parameter sets in use ***
| QMMM: C : M.J.S.DEWAR et al. JACS, 107, 3902, (1985)
| QMMM: O : M.J.S.DEWAR et al. JACS, 107, 3902, (1985)
| QMMM: P : M.J.S.DEWAR et al. THEOCHEM, 187,1, (1989)
| QMMM: H : M.J.S.DEWAR et al. JACS, 107, 3902, (1985)

| QMMM: *** SCF convergence criteria ***
| QMMM: Energy change                :  0.1D-09 kcal/mol
| QMMM: Error matrix |FP-PF|         :  0.1D+00 au
| QMMM: Density matrix change        :  0.5D-06
| QMMM: Maximum number of SCF cycles :     1000

| QMMM: *** Diagonalization Routine Information ***
| QMMM: Pseudo diagonalizations are allowed.
| QMMM: Auto diagonalization routine selection is in use.
| QMMM:
| QMMM: Timing diagonalization routines:
| QMMM:                              norbs =       84
| QMMM:    diag iterations used for timing =       15
| QMMM:
| QMMM:              Internal diag routine = 0.029317 seconds
| QMMM:                 Dspev diag routine = 0.018247 seconds
| QMMM:                Dspevd diag routine = 0.013652 seconds
| QMMM:                Dspevx diag routine = 0.058290 seconds
| QMMM:                 Dsyev diag routine = 0.020404 seconds
| QMMM:                Dsyevd diag routine = 0.029593 seconds
| QMMM:                Dsyevr diag routine = 0.023882 seconds
| QMMM:
| QMMM:                Pseudo diag routine = 0.006426 seconds
| QMMM:
| QMMM: Using dspevd routine (diag_routine=3).

  QMMM: QM Region Cartesian Coordinates (*=link atom) 
  QMMM: QM_NO.   MM_NO.  ATOM         X         Y         Z
  QMMM:     1        1      C       10.9570   15.9670    8.4500
  QMMM:     2        2      C       10.4890   14.6770    8.6960
  QMMM:     3        3      C       11.0660   13.5880    8.0960
  QMMM:     4        4      C       12.0110   16.1580    7.5950
  QMMM:     5        5      C       12.6020   15.0360    6.9830
  QMMM:     6        6      C       12.1400   13.7470    7.2240
  QMMM:     7        7      C       12.8120   12.6840    6.5420
  QMMM:     8        8      C       12.5470   11.1810    6.6230
  QMMM:     9        9      C       13.8680   13.0400    5.7120
  QMMM:    10       10      C       14.2600   14.3520    5.5330
  QMMM:    11       11      O       13.6290   15.3130    6.1640
  QMMM:    12       12      O       11.7780    8.9760    5.2440
  QMMM:    13       13      O       10.0330   10.7140    5.4950
  QMMM:    14       14      O       11.9390   11.0750    3.9480
  QMMM:    15       15      O       15.1650   14.6010    4.8120
  QMMM:    16       16      P       11.5090   10.4650    5.2630
  QMMM:    17       17      C       10.3370   17.1880    9.1060
  QMMM:    18       18      C        9.3230   14.4320    9.6380
  QMMM:    19       19      H       10.7130   12.6720    8.2860
  QMMM:    20       20      H       13.4300   10.7120    6.6160
  QMMM:    21       21      H       12.0870   10.9950    7.4910
  QMMM:    22       22      H       12.3650   17.0730    7.4000
  QMMM:    23       23      H       14.3630   12.3190    5.2260
  QMMM:    24       24      H        9.7020   10.1990    6.2930
  QMMM:    25       25      H        9.1410   17.1040    9.0650
  QMMM:    26       26      H       10.6880   17.2410   10.2520
  QMMM:    27       27      H       10.6760   18.1940    8.5440
  QMMM:    28       28      H        8.3120   14.8300    9.1290
  QMMM:    29       29      H        9.5160   15.0310   10.6590
  QMMM:    30       30      H        9.2060   13.2620    9.8850

--------------------------------------------------------------------------------
  RESULTS
--------------------------------------------------------------------------------

      iter         sqm energy              rms gradient
      ----    -------------------    -----------------------
xmin    10     -286.9139 kcal/mol        1.3215 kcal/(mol*A)
xmin    20     -287.5771 kcal/mol        0.7411 kcal/(mol*A)
xmin    30     -287.7387 kcal/mol        0.3558 kcal/(mol*A)
xmin    40     -287.7701 kcal/mol        0.0642 kcal/(mol*A)
xmin    50     -287.7739 kcal/mol        0.0453 kcal/(mol*A)
xmin    60     -287.7742 kcal/mol        0.0435 kcal/(mol*A)
xmin    70     -287.7755 kcal/mol        0.0623 kcal/(mol*A)
xmin    80     -287.7766 kcal/mol        0.0264 kcal/(mol*A)
xmin    90     -287.7774 kcal/mol        0.0192 kcal/(mol*A)
xmin   100     -287.7776 kcal/mol        0.0057 kcal/(mol*A)
xmin   110     -287.7780 kcal/mol        0.0128 kcal/(mol*A)
xmin   120     -287.7780 kcal/mol        0.0012 kcal/(mol*A)
xmin   130     -287.7780 kcal/mol        0.0010 kcal/(mol*A)
xmin   130     -287.7780 kcal/mol        0.0004 kcal/(mol*A)
  ... geometry converged !
 
 Final MO eigenvalues (eV):
 -39.0745  -36.9838  -34.7527  -33.9569  -32.0403  -30.4077  -30.2808  -28.9924
 -28.9236  -26.4841  -25.9539  -24.5473  -21.0022  -20.7560  -19.8897  -16.6608
 -15.9378  -15.3171  -14.7335  -14.1525  -13.4989  -13.2437  -12.9964  -12.9033
 -12.3263  -12.1854  -11.7482  -11.5168  -11.3356  -11.1674  -11.1015  -10.9843
 -10.7388  -10.5434  -10.0742   -9.6494   -9.5789   -9.4694   -9.0758   -8.3811
  -8.3455   -7.9689   -6.9382   -6.6624   -6.4627   -6.2780   -6.2271   -6.1396
   2.0482    2.6954    3.3502    4.5672    4.6174    5.3782    5.8385    5.9161
   5.9917    6.1799    6.1972    6.2704    6.3111    6.5108    6.5789    6.6405
   6.7016    6.8307    6.8495    6.9448    7.0383    7.3194    7.4336    7.5019
   7.5417    7.6329    7.8857    8.0443    8.1227    8.2253    8.7995    9.0168
   9.5456   10.2584   11.1621   12.5654

 Heat of formation   =       -287.77801596 kcal/mol  (      -12.47899120 eV)

 Total SCF energy    =     -79241.89237480 kcal/mol  (    -3436.18630479 eV)
 Electronic energy   =    -467067.65962993 kcal/mol  (   -20253.57354971 eV)
 Core-core repulsion =     387825.76725513 kcal/mol  (    16817.38724492 eV)
 
    Atomic Charges for Step       1 :
  Atom    Element       Mulliken Charge
     1      C                 -0.041
     2      C                 -0.115
     3      C                 -0.053
     4      C                 -0.166
     5      C                  0.102
     6      C                 -0.115
     7      C                  0.143
     8      C                 -0.788
     9      C                 -0.287
    10      C                  0.353
    11      O                 -0.207
    12      O                 -1.186
    13      O                 -0.837
    14      O                 -1.146
    15      O                 -0.343
    16      P                  2.607
    17      C                 -0.174
    18      C                 -0.168
    19      H                  0.176
    20      H                  0.127
    21      H                  0.123
    22      H                  0.142
    23      H                  0.164
    24      H                  0.225
    25      H                  0.083
    26      H                  0.077
    27      H                  0.075
    28      H                  0.074
    29      H                  0.066
    30      H                  0.090
 Total Mulliken Charge =      -1.000
 
                  X        Y        Z     TOTAL  
  QM DIPOLE   -58.421  -55.586  -21.863   83.551
 
 Final Structure

  QMMM: QM Region Cartesian Coordinates (*=link atom) 
  QMMM: QM_NO.   MM_NO.  ATOM         X         Y         Z
  QMMM:     1        1      C       10.9600   15.9244    8.3983
  QMMM:     2        2      C       10.4714   14.6099    8.5500
  QMMM:     3        3      C       11.1033   13.5508    7.9016
  QMMM:     4        4      C       12.0693   16.1596    7.5936
  QMMM:     5        5      C       12.6953   15.0816    6.9427
  QMMM:     6        6      C       12.2339   13.7577    7.0942
  QMMM:     7        7      C       12.9429   12.6866    6.4014
  QMMM:     8        8      C       12.5761   11.2844    6.5918
  QMMM:     9        9      C       14.0137   13.0347    5.6330
  QMMM:    10       10      C       14.4458   14.4028    5.4787
  QMMM:    11       11      O       13.7814   15.4221    6.1654
  QMMM:    12       12      O       11.5546    9.1740    5.4833
  QMMM:    13       13      O       10.0604   10.7510    6.5536
  QMMM:    14       14      O       11.1355   11.5001    4.3590
  QMMM:    15       15      O       15.3864   14.8700    4.8290
  QMMM:    16       16      P       11.3549   10.6407    5.5355
  QMMM:    17       17      C       10.2878   17.0534    9.0828
  QMMM:    18       18      C        9.2777   14.3551    9.3902
  QMMM:    19       19      H       10.6832   12.5342    8.0100
  QMMM:    20       20      H       13.4772   10.6328    6.4478
  QMMM:    21       21      H       12.2261   11.1154    7.6416
  QMMM:    22       22      H       12.4648   17.1743    7.4471
  QMMM:    23       23      H       14.5925   12.2889    5.0689
  QMMM:    24       24      H        9.6828    9.8971    6.7297
  QMMM:    25       25      H        9.2434   17.1683    8.6965
  QMMM:    26       26      H       10.2307   16.8607   10.1836
  QMMM:    27       27      H       10.8338   18.0142    8.9178
  QMMM:    28       28      H        8.4169   14.9788    9.0402
  QMMM:    29       29      H        9.4887   14.6222   10.4564
  QMMM:    30       30      H        8.9737   13.2803    9.3463

           --------- Calculation Completed ----------

