            --------------------------------------------------------
                             AMBER SQM VERSION 17
 
                                     By
              Ross C. Walker, Michael F. Crowley, Scott Brozell,
                         Tim Giese, Andreas W. Goetz,
                        Tai-Sung Lee and David A. Case
 
            --------------------------------------------------------
 

--------------------------------------------------------------------------------
  QM CALCULATION INFO
--------------------------------------------------------------------------------

| QMMM: Citation for AMBER QMMM Run:
| QMMM: R.C. Walker, M.F. Crowley and D.A. Case, J. COMP. CHEM. 29:1019, 2008

QMMM: SINGLET STATE CALCULATION
QMMM: RHF CALCULATION, NO. OF DOUBLY OCCUPIED LEVELS = 48

| QMMM: *** Selected Hamiltonian *** 
| QMMM: AM1         

| QMMM: *** Parameter sets in use ***
| QMMM: C : M.J.S.DEWAR et al. JACS, 107, 3902, (1985)
| QMMM: O : M.J.S.DEWAR et al. JACS, 107, 3902, (1985)
| QMMM: P : M.J.S.DEWAR et al. THEOCHEM, 187,1, (1989)
| QMMM: H : M.J.S.DEWAR et al. JACS, 107, 3902, (1985)

| QMMM: *** SCF convergence criteria ***
| QMMM: Energy change                :  0.1D-09 kcal/mol
| QMMM: Error matrix |FP-PF|         :  0.1D+00 au
| QMMM: Density matrix change        :  0.5D-06
| QMMM: Maximum number of SCF cycles :     1000

| QMMM: *** Diagonalization Routine Information ***
| QMMM: Pseudo diagonalizations are allowed.
| QMMM: Auto diagonalization routine selection is in use.
| QMMM:
| QMMM: Timing diagonalization routines:
| QMMM:                              norbs =       84
| QMMM:    diag iterations used for timing =       15
| QMMM:
| QMMM:              Internal diag routine = 0.031172 seconds
| QMMM:                 Dspev diag routine = 0.018697 seconds
| QMMM:                Dspevd diag routine = 0.013811 seconds
| QMMM:                Dspevx diag routine = 0.059309 seconds
| QMMM:                 Dsyev diag routine = 0.020292 seconds
| QMMM:                Dsyevd diag routine = 0.015995 seconds
| QMMM:                Dsyevr diag routine = 0.017769 seconds
| QMMM:
| QMMM:                Pseudo diag routine = 0.006513 seconds
| QMMM:
| QMMM: Using dspevd routine (diag_routine=3).

  QMMM: QM Region Cartesian Coordinates (*=link atom) 
  QMMM: QM_NO.   MM_NO.  ATOM         X         Y         Z
  QMMM:     1        1      C       10.9580   15.9630    8.4490
  QMMM:     2        2      C       10.4900   14.6770    8.6960
  QMMM:     3        3      C       11.0570   13.5870    8.1040
  QMMM:     4        4      C       12.0110   16.1580    7.5950
  QMMM:     5        5      C       12.6020   15.0360    6.9830
  QMMM:     6        6      C       12.1400   13.7470    7.2240
  QMMM:     7        7      C       12.8120   12.6840    6.5420
  QMMM:     8        8      C       12.5470   11.1810    6.6230
  QMMM:     9        9      C       13.8680   13.0400    5.7120
  QMMM:    10       10      C       14.2600   14.3520    5.5330
  QMMM:    11       11      O       13.6290   15.3130    6.1640
  QMMM:    12       12      O       11.7780    8.9760    5.2440
  QMMM:    13       13      O       10.0330   10.7140    5.4950
  QMMM:    14       14      O       11.9390   11.0750    3.9480
  QMMM:    15       15      O       15.1650   14.6010    4.8120
  QMMM:    16       16      P       11.5090   10.4650    5.2630
  QMMM:    17       17      C       10.3170   17.1580    9.1280
  QMMM:    18       18      C       10.3750   12.2940    8.5210
  QMMM:    19       19      H        9.7210   14.5430    9.3230
  QMMM:    20       20      H       13.4300   10.7120    6.6160
  QMMM:    21       21      H       12.0870   10.9950    7.4910
  QMMM:    22       22      H       12.3650   17.0730    7.4000
  QMMM:    23       23      H       14.3630   12.3190    5.2260
  QMMM:    24       24      H        9.7020   10.1990    6.2930
  QMMM:    25       25      H        9.2060   16.8870    9.4930
  QMMM:    26       26      H       10.9790   17.4730   10.0780
  QMMM:    27       27      H       10.2600   18.0850    8.3660
  QMMM:    28       28      H        9.3550   12.4900    9.1240
  QMMM:    29       29      H       11.0840   11.6600    9.2520
  QMMM:    30       30      H       10.0540   11.6850    7.5440

--------------------------------------------------------------------------------
  RESULTS
--------------------------------------------------------------------------------

      iter         sqm energy              rms gradient
      ----    -------------------    -----------------------
xmin    10     -279.2401 kcal/mol        0.2817 kcal/(mol*A)
xmin    20     -279.5749 kcal/mol        0.3113 kcal/(mol*A)
xmin    30     -280.0923 kcal/mol        0.5750 kcal/(mol*A)
xmin    40     -280.5118 kcal/mol        0.4495 kcal/(mol*A)
xmin    50     -280.6669 kcal/mol        0.2615 kcal/(mol*A)
xmin    60     -280.7207 kcal/mol        0.4533 kcal/(mol*A)
xmin    70     -280.7399 kcal/mol        0.0623 kcal/(mol*A)
xmin    80     -280.7453 kcal/mol        0.0458 kcal/(mol*A)
xmin    90     -280.7563 kcal/mol        0.1455 kcal/(mol*A)
xmin   100     -280.7664 kcal/mol        0.0454 kcal/(mol*A)
xmin   110     -280.7880 kcal/mol        0.3099 kcal/(mol*A)
xmin   120     -281.6284 kcal/mol        1.5601 kcal/(mol*A)
xmin   130     -282.8892 kcal/mol        1.1939 kcal/(mol*A)
xmin   140     -283.3225 kcal/mol        0.4187 kcal/(mol*A)
xmin   150     -283.4517 kcal/mol        0.1793 kcal/(mol*A)
xmin   160     -283.4761 kcal/mol        0.0978 kcal/(mol*A)
xmin   170     -283.4864 kcal/mol        0.1672 kcal/(mol*A)
xmin   180     -283.4931 kcal/mol        0.0662 kcal/(mol*A)
xmin   190     -283.5000 kcal/mol        0.1511 kcal/(mol*A)
xmin   200     -283.5047 kcal/mol        0.0666 kcal/(mol*A)
xmin   210     -283.5157 kcal/mol        0.0362 kcal/(mol*A)
xmin   220     -283.5186 kcal/mol        0.0213 kcal/(mol*A)
xmin   230     -283.5214 kcal/mol        0.0995 kcal/(mol*A)
xmin   240     -283.5230 kcal/mol        0.1014 kcal/(mol*A)
xmin   250     -283.5239 kcal/mol        0.0274 kcal/(mol*A)
xmin   260     -283.5254 kcal/mol        0.0355 kcal/(mol*A)
xmin   270     -283.5257 kcal/mol        0.0114 kcal/(mol*A)
xmin   280     -283.5258 kcal/mol        0.0055 kcal/(mol*A)
xmin   290     -283.5258 kcal/mol        0.0040 kcal/(mol*A)
xmin   300     -283.5258 kcal/mol        0.0025 kcal/(mol*A)
  ... geometry converged !
 
 Final MO eigenvalues (eV):
 -39.0661  -36.8594  -34.6243  -34.0103  -32.1072  -31.2114  -29.3584  -29.0781
 -28.9468  -26.5274  -25.4583  -24.8623  -21.6598  -20.3280  -19.2511  -16.9496
 -15.9789  -15.2051  -14.6842  -14.2021  -13.4647  -13.2532  -12.9703  -12.6196
 -12.4332  -11.9274  -11.7074  -11.6270  -11.2005  -11.1394  -11.0195  -10.8065
 -10.6381  -10.2553  -10.0256   -9.8234   -9.4811   -9.1965   -8.9673   -8.4951
  -8.3480   -8.0121   -6.8361   -6.7201   -6.5388   -6.3980   -6.2875   -6.1726
   1.9981    2.7337    3.2997    4.5721    4.6470    5.3284    5.8060    5.9287
   6.0209    6.1456    6.1956    6.3346    6.4570    6.4850    6.6651    6.7790
   6.8385    6.9629    7.0076    7.2995    7.3796    7.4030    7.5114    7.5571
   7.6648    7.8627    8.0022    8.0386    8.1836    8.3105    8.8149    8.9344
   9.5442   10.2371   11.0551   12.4838

 Heat of formation   =       -283.52578534 kcal/mol  (      -12.29460064 eV)

 Total SCF energy    =     -79237.64014417 kcal/mol  (    -3436.00191424 eV)
 Electronic energy   =    -469323.21740651 kcal/mol  (   -20351.38187444 eV)
 Core-core repulsion =     390085.57726233 kcal/mol  (    16915.37996021 eV)
 
    Atomic Charges for Step       1 :
  Atom    Element       Mulliken Charge
     1      C                 -0.036
     2      C                 -0.189
     3      C                  0.036
     4      C                 -0.178
     5      C                  0.104
     6      C                 -0.107
     7      C                  0.139
     8      C                 -0.794
     9      C                 -0.307
    10      C                  0.350
    11      O                 -0.210
    12      O                 -1.180
    13      O                 -0.834
    14      O                 -1.151
    15      O                 -0.342
    16      P                  2.611
    17      C                 -0.175
    18      C                 -0.222
    19      H                  0.126
    20      H                  0.125
    21      H                  0.129
    22      H                  0.144
    23      H                  0.176
    24      H                  0.226
    25      H                  0.083
    26      H                  0.076
    27      H                  0.075
    28      H                  0.070
    29      H                  0.079
    30      H                  0.174
 Total Mulliken Charge =      -1.000
 
                  X        Y        Z     TOTAL  
  QM DIPOLE   -57.240  -55.681  -22.462   82.954
 
 Final Structure

  QMMM: QM Region Cartesian Coordinates (*=link atom) 
  QMMM: QM_NO.   MM_NO.  ATOM         X         Y         Z
  QMMM:     1        1      C       11.0845   16.1469    8.3995
  QMMM:     2        2      C       10.4726   14.9065    8.6059
  QMMM:     3        3      C       10.9275   13.7331    7.9945
  QMMM:     4        4      C       12.1796   16.2184    7.5503
  QMMM:     5        5      C       12.6476   15.0420    6.9364
  QMMM:     6        6      C       12.0676   13.7659    7.1525
  QMMM:     7        7      C       12.7101   12.6273    6.4925
  QMMM:     8        8      C       12.3469   11.2268    6.7250
  QMMM:     9        9      C       13.7841   12.8792    5.6837
  QMMM:    10       10      C       14.3021   14.1991    5.4431
  QMMM:    11       11      O       13.7288   15.2767    6.1120
  QMMM:    12       12      O       12.0487    9.8127    4.5375
  QMMM:    13       13      O       10.7831    9.2210    6.5194
  QMMM:    14       14      O       10.0771   11.3487    5.3505
  QMMM:    15       15      O       15.2407   14.5770    4.7352
  QMMM:    16       16      P       11.2571   10.4920    5.5863
  QMMM:    17       17      C       10.5537   17.3593    9.0641
  QMMM:    18       18      C       10.1229   12.5193    8.2741
  QMMM:    19       19      H        9.5910   14.8587    9.2640
  QMMM:    20       20      H       13.2787   10.5999    6.6698
  QMMM:    21       21      H       11.9415   11.0729    7.7528
  QMMM:    22       22      H       12.6868   17.1696    7.3380
  QMMM:    23       23      H       14.3138   12.0672    5.1584
  QMMM:    24       24      H       11.0276    8.3885    6.1325
  QMMM:    25       25      H        9.5670   17.6388    8.6162
  QMMM:    26       26      H       10.4005   17.1714   10.1557
  QMMM:    27       27      H       11.2512   18.2244    8.9474
  QMMM:    28       28      H        9.1243   12.7925    8.6982
  QMMM:    29       29      H       10.6398   11.8678    9.0222
  QMMM:    30       30      H        9.9389   11.9382    7.3242

           --------- Calculation Completed ----------

