            --------------------------------------------------------
                             AMBER SQM VERSION 17
 
                                     By
              Ross C. Walker, Michael F. Crowley, Scott Brozell,
                         Tim Giese, Andreas W. Goetz,
                        Tai-Sung Lee and David A. Case
 
            --------------------------------------------------------
 

--------------------------------------------------------------------------------
  QM CALCULATION INFO
--------------------------------------------------------------------------------

| QMMM: Citation for AMBER QMMM Run:
| QMMM: R.C. Walker, M.F. Crowley and D.A. Case, J. COMP. CHEM. 29:1019, 2008

QMMM: SINGLET STATE CALCULATION
QMMM: RHF CALCULATION, NO. OF DOUBLY OCCUPIED LEVELS = 45

| QMMM: *** Selected Hamiltonian *** 
| QMMM: AM1         

| QMMM: *** Parameter sets in use ***
| QMMM: C : M.J.S.DEWAR et al. JACS, 107, 3902, (1985)
| QMMM: O : M.J.S.DEWAR et al. JACS, 107, 3902, (1985)
| QMMM: P : M.J.S.DEWAR et al. THEOCHEM, 187,1, (1989)
| QMMM: H : M.J.S.DEWAR et al. JACS, 107, 3902, (1985)

| QMMM: *** SCF convergence criteria ***
| QMMM: Energy change                :  0.1D-09 kcal/mol
| QMMM: Error matrix |FP-PF|         :  0.1D+00 au
| QMMM: Density matrix change        :  0.5D-06
| QMMM: Maximum number of SCF cycles :     1000

| QMMM: *** Diagonalization Routine Information ***
| QMMM: Pseudo diagonalizations are allowed.
| QMMM: Auto diagonalization routine selection is in use.
| QMMM:
| QMMM: Timing diagonalization routines:
| QMMM:                              norbs =       78
| QMMM:    diag iterations used for timing =       15
| QMMM:
| QMMM:              Internal diag routine = 0.027263 seconds
| QMMM:                 Dspev diag routine = 0.016941 seconds
| QMMM:                Dspevd diag routine = 0.011912 seconds
| QMMM:                Dspevx diag routine = 0.051182 seconds
| QMMM:                 Dsyev diag routine = 0.017758 seconds
| QMMM:                Dsyevd diag routine = 0.014198 seconds
| QMMM:                Dsyevr diag routine = 0.015960 seconds
| QMMM:
| QMMM:                Pseudo diag routine = 0.005267 seconds
| QMMM:
| QMMM: Using dspevd routine (diag_routine=3).

  QMMM: QM Region Cartesian Coordinates (*=link atom) 
  QMMM: QM_NO.   MM_NO.  ATOM         X         Y         Z
  QMMM:     1        1      C       10.9570   15.9670    8.4500
  QMMM:     2        2      C       10.4910   14.6800    8.6950
  QMMM:     3        3      C       11.0670   13.5880    8.0960
  QMMM:     4        4      C       12.0110   16.1580    7.5950
  QMMM:     5        5      C       12.6020   15.0360    6.9830
  QMMM:     6        6      C       12.1400   13.7470    7.2240
  QMMM:     7        7      C       12.8120   12.6840    6.5420
  QMMM:     8        8      C       12.5470   11.1810    6.6230
  QMMM:     9        9      C       13.8680   13.0400    5.7120
  QMMM:    10       10      C       14.2600   14.3520    5.5330
  QMMM:    11       11      O       13.6290   15.3130    6.1640
  QMMM:    12       12      O       11.7780    8.9760    5.2440
  QMMM:    13       13      O       10.0330   10.7140    5.4950
  QMMM:    14       14      O       11.9390   11.0750    3.9480
  QMMM:    15       15      O       15.1650   14.6010    4.8120
  QMMM:    16       16      P       11.5090   10.4650    5.2630
  QMMM:    17       17      C       10.3370   17.1880    9.1060
  QMMM:    18       18      H        9.7220   14.5480    9.3200
  QMMM:    19       19      H       10.7130   12.6720    8.2860
  QMMM:    20       20      H       13.4300   10.7120    6.6160
  QMMM:    21       21      H       12.0870   10.9950    7.4910
  QMMM:    22       22      H       12.3650   17.0730    7.4000
  QMMM:    23       23      H       14.3630   12.3190    5.2260
  QMMM:    24       24      H        9.7020   10.1990    6.2930
  QMMM:    25       25      H        9.1410   17.1040    9.0650
  QMMM:    26       26      H       10.6880   17.2410   10.2520
  QMMM:    27       27      H       10.6760   18.1940    8.5450

--------------------------------------------------------------------------------
  RESULTS
--------------------------------------------------------------------------------

      iter         sqm energy              rms gradient
      ----    -------------------    -----------------------
xmin    10     -280.5510 kcal/mol        1.0357 kcal/(mol*A)
xmin    20     -280.9539 kcal/mol        0.2056 kcal/(mol*A)
xmin    30     -281.0281 kcal/mol        0.2086 kcal/(mol*A)
xmin    40     -281.0622 kcal/mol        0.1222 kcal/(mol*A)
xmin    50     -281.0747 kcal/mol        0.0429 kcal/(mol*A)
xmin    60     -281.0774 kcal/mol        0.0310 kcal/(mol*A)
xmin    70     -281.0785 kcal/mol        0.0120 kcal/(mol*A)
xmin    80     -281.0822 kcal/mol        0.0473 kcal/(mol*A)
xmin    90     -281.0855 kcal/mol        0.0252 kcal/(mol*A)
xmin   100     -281.0868 kcal/mol        0.0538 kcal/(mol*A)
xmin   110     -281.0889 kcal/mol        0.0122 kcal/(mol*A)
xmin   120     -281.0896 kcal/mol        0.0568 kcal/(mol*A)
xmin   130     -281.0900 kcal/mol        0.0085 kcal/(mol*A)
xmin   140     -281.0902 kcal/mol        0.0296 kcal/(mol*A)
xmin   150     -281.0848 kcal/mol        0.0467 kcal/(mol*A)
xmin   160     -281.0861 kcal/mol        0.0182 kcal/(mol*A)
xmin   170     -281.0868 kcal/mol        0.0465 kcal/(mol*A)
xmin   180     -281.0875 kcal/mol        0.0202 kcal/(mol*A)
xmin   190     -281.0891 kcal/mol        0.0142 kcal/(mol*A)
xmin   200     -281.0894 kcal/mol        0.0093 kcal/(mol*A)
xmin   210     -281.0897 kcal/mol        0.0154 kcal/(mol*A)
xmin   220     -281.0901 kcal/mol        0.0291 kcal/(mol*A)
xmin   230     -281.0905 kcal/mol        0.0140 kcal/(mol*A)
xmin   240     -281.0905 kcal/mol        0.0083 kcal/(mol*A)
xmin   250     -281.0905 kcal/mol        0.0061 kcal/(mol*A)
xmin   260     -281.0906 kcal/mol        0.0014 kcal/(mol*A)
xmin   270     -281.0906 kcal/mol        0.0019 kcal/(mol*A)
  ... geometry converged !
 
 Final MO eigenvalues (eV):
 -39.0466  -36.7251  -34.5755  -33.9280  -32.0385  -30.2848  -28.9970  -28.9269
 -28.4901  -26.4178  -25.3698  -21.6582  -20.9220  -19.9195  -16.8825  -16.2588
 -15.2039  -14.7262  -14.1471  -13.4494  -13.1983  -13.1033  -12.5530  -12.3230
 -12.1566  -11.7372  -11.3678  -11.1365  -11.0374  -10.9758  -10.6771  -10.1202
  -9.7926   -9.6678   -9.4749   -9.0961   -8.4076   -8.3571   -7.9860   -7.0591
  -6.6787   -6.5247   -6.2812   -6.2303   -6.1456    2.0307    2.7429    3.3333
   4.5888    4.6110    5.3910    5.8241    5.9164    6.0634    6.1675    6.2188
   6.3224    6.4312    6.5350    6.6761    6.8307    6.8908    6.9510    7.2923
   7.4074    7.4709    7.5188    7.6345    7.8441    8.0322    8.1086    8.2111
   8.7862    9.0154    9.5350   10.2555   11.1613   12.5631

 Heat of formation   =       -281.09058511 kcal/mol  (      -12.18900243 eV)

 Total SCF energy    =     -75648.35191242 kcal/mol  (    -3280.35869704 eV)
 Electronic energy   =    -423058.63697603 kcal/mol  (   -18345.19912302 eV)
 Core-core repulsion =     347410.28506361 kcal/mol  (    15064.84042598 eV)
 
    Atomic Charges for Step       1 :
  Atom    Element       Mulliken Charge
     1      C                 -0.043
     2      C                 -0.176
     3      C                 -0.053
     4      C                 -0.168
     5      C                  0.106
     6      C                 -0.118
     7      C                  0.143
     8      C                 -0.788
     9      C                 -0.287
    10      C                  0.353
    11      O                 -0.208
    12      O                 -1.186
    13      O                 -0.836
    14      O                 -1.146
    15      O                 -0.343
    16      P                  2.607
    17      C                 -0.175
    18      H                  0.127
    19      H                  0.175
    20      H                  0.127
    21      H                  0.123
    22      H                  0.143
    23      H                  0.164
    24      H                  0.225
    25      H                  0.083
    26      H                  0.076
    27      H                  0.075
 Total Mulliken Charge =      -1.000
 
                  X        Y        Z     TOTAL  
  QM DIPOLE   -58.412  -55.517  -21.746   83.469
 
 Final Structure

  QMMM: QM Region Cartesian Coordinates (*=link atom) 
  QMMM: QM_NO.   MM_NO.  ATOM         X         Y         Z
  QMMM:     1        1      C       10.9537   15.9180    8.3577
  QMMM:     2        2      C       10.4705   14.6065    8.4998
  QMMM:     3        3      C       11.0946   13.5429    7.8649
  QMMM:     4        4      C       12.0722   16.1538    7.5662
  QMMM:     5        5      C       12.7012   15.0707    6.9235
  QMMM:     6        6      C       12.2355   13.7472    7.0678
  QMMM:     7        7      C       12.9486   12.6758    6.3805
  QMMM:     8        8      C       12.5720   11.2748    6.5605
  QMMM:     9        9      C       14.0306   13.0214    5.6268
  QMMM:    10       10      C       14.4694   14.3882    5.4813
  QMMM:    11       11      O       13.7978   15.4084    6.1602
  QMMM:    12       12      O       11.5447    9.1734    5.4401
  QMMM:    13       13      O       10.0507   10.7733    6.4767
  QMMM:    14       14      O       11.1769   11.5007    4.3004
  QMMM:    15       15      O       15.4204   14.8541    4.8463
  QMMM:    16       16      P       11.3623   10.6426    5.4836
  QMMM:    17       17      C       10.2595   17.0365    9.0369
  QMMM:    18       18      H        9.5766   14.4257    9.1141
  QMMM:    19       19      H       10.6672   12.5299    7.9721
  QMMM:    20       20      H       13.4715   10.6189    6.4267
  QMMM:    21       21      H       12.2055   11.1034    7.6041
  QMMM:    22       22      H       12.4728   17.1667    7.4233
  QMMM:    23       23      H       14.6132   12.2749    5.0676
  QMMM:    24       24      H        9.6589    9.9252    6.6495
  QMMM:    25       25      H        9.2675   17.2196    8.5523
  QMMM:    26       26      H       10.0816   16.7901   10.1131
  QMMM:    27       27      H       10.8568   17.9793    8.9830

           --------- Calculation Completed ----------

