            --------------------------------------------------------
                             AMBER SQM VERSION 17
 
                                     By
              Ross C. Walker, Michael F. Crowley, Scott Brozell,
                         Tim Giese, Andreas W. Goetz,
                        Tai-Sung Lee and David A. Case
 
            --------------------------------------------------------
 

--------------------------------------------------------------------------------
  QM CALCULATION INFO
--------------------------------------------------------------------------------

| QMMM: Citation for AMBER QMMM Run:
| QMMM: R.C. Walker, M.F. Crowley and D.A. Case, J. COMP. CHEM. 29:1019, 2008

QMMM: SINGLET STATE CALCULATION
QMMM: RHF CALCULATION, NO. OF DOUBLY OCCUPIED LEVELS = 42

| QMMM: *** Selected Hamiltonian *** 
| QMMM: AM1         

| QMMM: *** Parameter sets in use ***
| QMMM: C : M.J.S.DEWAR et al. JACS, 107, 3902, (1985)
| QMMM: N : M.J.S.DEWAR et al. JACS, 107, 3902, (1985)
| QMMM: O : M.J.S.DEWAR et al. JACS, 107, 3902, (1985)
| QMMM: P : M.J.S.DEWAR et al. THEOCHEM, 187,1, (1989)
| QMMM: H : M.J.S.DEWAR et al. JACS, 107, 3902, (1985)

| QMMM: *** SCF convergence criteria ***
| QMMM: Energy change                :  0.1D-09 kcal/mol
| QMMM: Error matrix |FP-PF|         :  0.1D+00 au
| QMMM: Density matrix change        :  0.5D-06
| QMMM: Maximum number of SCF cycles :     1000

| QMMM: *** Diagonalization Routine Information ***
| QMMM: Pseudo diagonalizations are allowed.
| QMMM: Auto diagonalization routine selection is in use.
| QMMM:
| QMMM: Timing diagonalization routines:
| QMMM:                              norbs =       73
| QMMM:    diag iterations used for timing =       15
| QMMM:
| QMMM:              Internal diag routine = 0.023389 seconds
| QMMM:                 Dspev diag routine = 0.014014 seconds
| QMMM:                Dspevd diag routine = 0.009354 seconds
| QMMM:                Dspevx diag routine = 0.041590 seconds
| QMMM:                 Dsyev diag routine = 0.014131 seconds
| QMMM:                Dsyevd diag routine = 0.010940 seconds
| QMMM:                Dsyevr diag routine = 0.012722 seconds
| QMMM:
| QMMM:                Pseudo diag routine = 0.003771 seconds
| QMMM:
| QMMM: Using dspevd routine (diag_routine=3).

  QMMM: QM Region Cartesian Coordinates (*=link atom) 
  QMMM: QM_NO.   MM_NO.  ATOM         X         Y         Z
  QMMM:     1        1      C       10.9570   16.0230    8.4570
  QMMM:     2        2      C       10.4460   14.7670    8.7440
  QMMM:     3        3      C       11.0440   13.6700    8.1260
  QMMM:     4        4      C       12.0110   16.1580    7.5950
  QMMM:     5        5      C       12.6020   15.0360    6.9830
  QMMM:     6        6      C       12.1400   13.7470    7.2240
  QMMM:     7        7      C       12.8120   12.6840    6.5420
  QMMM:     8        8      C       12.5470   11.1810    6.6230
  QMMM:     9        9      C       13.8680   13.0400    5.7120
  QMMM:    10       10      C       14.2600   14.3520    5.5330
  QMMM:    11       11      N       13.6290   15.3130    6.1640
  QMMM:    12       12      O       11.7780    8.9760    5.2440
  QMMM:    13       13      O       10.0330   10.7140    5.4950
  QMMM:    14       14      O       11.9390   11.0750    3.9480
  QMMM:    15       15      O       15.1650   14.6010    4.8120
  QMMM:    16       16      P       11.5090   10.4650    5.2630
  QMMM:    17       17      H       10.5530   16.8340    8.8810
  QMMM:    18       18      H       10.6760   12.7640    8.3330
  QMMM:    19       19      H       13.4300   10.7120    6.6160
  QMMM:    20       20      H       12.0870   10.9950    7.4910
  QMMM:    21       21      H        9.6770   14.6500    9.3730
  QMMM:    22       22      H       12.3650   17.0730    7.4000
  QMMM:    23       23      H       14.3630   12.3190    5.2260
  QMMM:    24       24      H       13.9160   16.2620    6.0340
  QMMM:    25       25      H        9.7020   10.1990    6.2930

--------------------------------------------------------------------------------
  RESULTS
--------------------------------------------------------------------------------

      iter         sqm energy              rms gradient
      ----    -------------------    -----------------------
xmin    10     -235.7094 kcal/mol        2.7013 kcal/(mol*A)
xmin    20     -236.4362 kcal/mol        0.3442 kcal/(mol*A)
xmin    30     -236.5579 kcal/mol        0.0673 kcal/(mol*A)
xmin    40     -236.5911 kcal/mol        0.0386 kcal/(mol*A)
xmin    50     -236.5933 kcal/mol        0.0093 kcal/(mol*A)
xmin    60     -236.5935 kcal/mol        0.0133 kcal/(mol*A)
  ... geometry converged !
 
 Final MO eigenvalues (eV):
 -38.4254  -35.9452  -33.4109  -32.7559  -31.8399  -28.9020  -28.7805  -28.3273
 -27.4172  -25.8258  -21.5839  -21.1033  -19.6918  -16.6160  -16.2258  -15.3571
 -14.6393  -13.5088  -13.1924  -13.0800  -12.7480  -12.2921  -12.0191  -11.4783
 -11.2586  -11.0199  -10.9080  -10.4501   -9.9345   -9.4869   -9.3234   -9.1149
  -8.9585   -8.3102   -8.1985   -7.9125   -6.8093   -6.5073   -6.2018   -6.1350
  -6.0833   -5.9737    2.2812    2.8053    3.6018    4.5326    4.7911    5.6324
   6.0216    6.0543    6.3468    6.4703    6.5768    6.7236    6.8347    6.9849
   7.0765    7.3616    7.4459    7.5644    7.6431    7.7636    7.9757    8.1528
   8.2714    8.3482    8.4057    8.7701    9.1577    9.7441   10.4232   11.3045
  12.7029

 Heat of formation   =       -236.59353257 kcal/mol  (      -10.25946544 eV)

 Total SCF energy    =     -69763.51176200 kcal/mol  (    -3025.17287897 eV)
 Electronic energy   =    -381321.73057679 kcal/mol  (   -16535.35105055 eV)
 Core-core repulsion =     311558.21881478 kcal/mol  (    13510.17817158 eV)
 
    Atomic Charges for Step       1 :
  Atom    Element       Mulliken Charge
     1      C                 -0.093
     2      C                 -0.186
     3      C                 -0.052
     4      C                 -0.208
     5      C                  0.101
     6      C                 -0.098
     7      C                  0.119
     8      C                 -0.789
     9      C                 -0.259
    10      C                  0.347
    11      N                 -0.307
    12      O                 -1.189
    13      O                 -0.838
    14      O                 -1.149
    15      O                 -0.406
    16      P                  2.609
    17      H                  0.116
    18      H                  0.177
    19      H                  0.125
    20      H                  0.120
    21      H                  0.126
    22      H                  0.120
    23      H                  0.160
    24      H                  0.229
    25      H                  0.224
 Total Mulliken Charge =      -1.000
 
                  X        Y        Z     TOTAL  
  QM DIPOLE   -57.806  -53.705  -21.882   81.882
 
 Final Structure

  QMMM: QM Region Cartesian Coordinates (*=link atom) 
  QMMM: QM_NO.   MM_NO.  ATOM         X         Y         Z
  QMMM:     1        1      C       10.8459   15.8724    8.3383
  QMMM:     2        2      C       10.3757   14.5602    8.4474
  QMMM:     3        3      C       11.0454   13.5239    7.8131
  QMMM:     4        4      C       11.9782   16.1504    7.5939
  QMMM:     5        5      C       12.6764   15.1021    6.9391
  QMMM:     6        6      C       12.2092   13.7599    7.0615
  QMMM:     7        7      C       12.9471   12.6937    6.3917
  QMMM:     8        8      C       12.5583   11.2899    6.5555
  QMMM:     9        9      C       14.0584   13.0180    5.6704
  QMMM:    10       10      C       14.5311   14.3884    5.5226
  QMMM:    11       11      N       13.8144   15.3871    6.1958
  QMMM:    12       12      O       11.5693    9.2060    5.3726
  QMMM:    13       13      O       10.0477   10.7426    6.4614
  QMMM:    14       14      O       11.1464   11.5558    4.3054
  QMMM:    15       15      O       15.5407   14.7399    4.8728
  QMMM:    16       16      P       11.3622   10.6704    5.4638
  QMMM:    17       17      H       10.3085   16.6902    8.8403
  QMMM:    18       18      H       10.6335   12.5002    7.8821
  QMMM:    19       19      H       13.4580   10.6322    6.4285
  QMMM:    20       20      H       12.1861   11.1120    7.5961
  QMMM:    21       21      H        9.4648   14.3505    9.0251
  QMMM:    22       22      H       12.3335   17.1869    7.5029
  QMMM:    23       23      H       14.6497   12.2613    5.1356
  QMMM:    24       24      H       14.0941   16.3348    6.0893
  QMMM:    25       25      H        9.6743    9.8814    6.6070

           --------- Calculation Completed ----------

