            --------------------------------------------------------
                             AMBER SQM VERSION 17
 
                                     By
              Ross C. Walker, Michael F. Crowley, Scott Brozell,
                         Tim Giese, Andreas W. Goetz,
                        Tai-Sung Lee and David A. Case
 
            --------------------------------------------------------
 

--------------------------------------------------------------------------------
  QM CALCULATION INFO
--------------------------------------------------------------------------------

| QMMM: Citation for AMBER QMMM Run:
| QMMM: R.C. Walker, M.F. Crowley and D.A. Case, J. COMP. CHEM. 29:1019, 2008

QMMM: SINGLET STATE CALCULATION
QMMM: RHF CALCULATION, NO. OF DOUBLY OCCUPIED LEVELS = 48

| QMMM: *** Selected Hamiltonian *** 
| QMMM: AM1         

| QMMM: *** Parameter sets in use ***
| QMMM: C : M.J.S.DEWAR et al. JACS, 107, 3902, (1985)
| QMMM: N : M.J.S.DEWAR et al. JACS, 107, 3902, (1985)
| QMMM: O : M.J.S.DEWAR et al. JACS, 107, 3902, (1985)
| QMMM: P : M.J.S.DEWAR et al. THEOCHEM, 187,1, (1989)
| QMMM: Br: M.J.S.DEWAR et al. THEOCHEM, 180, 1, (1988)
| QMMM: H : M.J.S.DEWAR et al. JACS, 107, 3902, (1985)

| QMMM: *** SCF convergence criteria ***
| QMMM: Energy change                :  0.1D-09 kcal/mol
| QMMM: Error matrix |FP-PF|         :  0.1D+00 au
| QMMM: Density matrix change        :  0.5D-06
| QMMM: Maximum number of SCF cycles :     1000

| QMMM: *** Diagonalization Routine Information ***
| QMMM: Pseudo diagonalizations are allowed.
| QMMM: Auto diagonalization routine selection is in use.
| QMMM:
| QMMM: Timing diagonalization routines:
| QMMM:                              norbs =       79
| QMMM:    diag iterations used for timing =       15
| QMMM:
| QMMM:              Internal diag routine = 0.027910 seconds
| QMMM:                 Dspev diag routine = 0.015816 seconds
| QMMM:                Dspevd diag routine = 0.011765 seconds
| QMMM:                Dspevx diag routine = 0.051313 seconds
| QMMM:                 Dsyev diag routine = 0.017326 seconds
| QMMM:                Dsyevd diag routine = 0.013666 seconds
| QMMM:                Dsyevr diag routine = 0.015795 seconds
| QMMM:
| QMMM:                Pseudo diag routine = 0.004652 seconds
| QMMM:
| QMMM: Using dspevd routine (diag_routine=3).

  QMMM: QM Region Cartesian Coordinates (*=link atom) 
  QMMM: QM_NO.   MM_NO.  ATOM         X         Y         Z
  QMMM:     1        1      C       10.9480   16.0050    8.4610
  QMMM:     2        2      C       10.4460   14.7670    8.7440
  QMMM:     3        3      C       11.0330   13.6960    8.1370
  QMMM:     4        4      C       12.0110   16.1580    7.5950
  QMMM:     5        5      C       12.6020   15.0360    6.9830
  QMMM:     6        6      C       12.1400   13.7470    7.2240
  QMMM:     7        7      C       12.8120   12.6840    6.5420
  QMMM:     8        8      C       12.5470   11.1810    6.6230
  QMMM:     9        9      C       13.8680   13.0400    5.7120
  QMMM:    10       10      C       14.2600   14.3520    5.5330
  QMMM:    11       11      N       13.6290   15.3130    6.1640
  QMMM:    12       12      O       11.7780    8.9760    5.2440
  QMMM:    13       13      O       10.0330   10.7140    5.4950
  QMMM:    14       14      O       11.9390   11.0750    3.9480
  QMMM:    15       15      O       15.1650   14.6010    4.8120
  QMMM:    16       16      P       11.5090   10.4650    5.2630
  QMMM:    17       17      Br      10.1060   17.4910    9.3370
  QMMM:    18       18      Br      10.3460   11.9280    8.5120
  QMMM:    19       19      H       13.4300   10.7120    6.6160
  QMMM:    20       20      H       12.0870   10.9950    7.4910
  QMMM:    21       21      H        9.6770   14.6500    9.3730
  QMMM:    22       22      H       12.3650   17.0730    7.4000
  QMMM:    23       23      H       14.3630   12.3190    5.2260
  QMMM:    24       24      H       13.9160   16.2620    6.0340
  QMMM:    25       25      H        9.7020   10.1990    6.2930

--------------------------------------------------------------------------------
  RESULTS
--------------------------------------------------------------------------------

      iter         sqm energy              rms gradient
      ----    -------------------    -----------------------
xmin    10     -214.4202 kcal/mol        2.0569 kcal/(mol*A)
xmin    20     -215.4708 kcal/mol        0.2011 kcal/(mol*A)
xmin    30     -215.5064 kcal/mol        0.3560 kcal/(mol*A)
xmin    40     -215.5455 kcal/mol        0.1565 kcal/(mol*A)
xmin    50     -215.5640 kcal/mol        0.1108 kcal/(mol*A)
xmin    60     -215.5685 kcal/mol        0.1274 kcal/(mol*A)
xmin    70     -215.5706 kcal/mol        0.0258 kcal/(mol*A)
xmin    80     -215.5737 kcal/mol        0.0106 kcal/(mol*A)
xmin    90     -215.5739 kcal/mol        0.0046 kcal/(mol*A)
xmin   100     -215.5740 kcal/mol        0.0037 kcal/(mol*A)
xmin   110     -215.5741 kcal/mol        0.0005 kcal/(mol*A)
  ... geometry converged !
 
 Final MO eigenvalues (eV):
 -38.8755  -36.4946  -33.9949  -33.2536  -31.8755  -31.1100  -29.7169  -28.8794
 -28.7515  -27.7200  -27.4361  -25.8008  -21.8442  -21.4797  -19.9886  -17.0666
 -16.4370  -15.8919  -14.7055  -14.0252  -13.6811  -13.6349  -13.4290  -12.6903
 -12.1478  -12.1195  -11.6902  -11.4647  -11.2391  -10.8717  -10.5404  -10.2994
 -10.2016  -10.0495   -9.6906   -9.4865   -8.9342   -8.7594   -8.5511   -8.3970
  -8.2463   -7.8028   -7.0780   -6.5761   -6.4517   -6.1279   -6.0775   -5.9746
   1.5559    2.1254    2.4237    2.8798    3.1543    4.0847    4.2577    5.0959
   5.5739    5.7521    5.8859    6.0827    6.1097    6.3466    6.7098    6.8165
   6.9455    7.0010    7.0226    7.2749    7.4716    7.6931    7.7881    8.0575
   8.1601    8.3973    9.1794    9.4303   10.4761   11.2877   12.7107

 Heat of formation   =       -215.57406726 kcal/mol  (       -9.34799303 eV)

 Total SCF energy    =     -85415.57823809 kcal/mol  (    -3703.89741287 eV)
 Electronic energy   =    -469543.21564682 kcal/mol  (   -20360.92171401 eV)
 Core-core repulsion =     384127.63740873 kcal/mol  (    16657.02430115 eV)
 
    Atomic Charges for Step       1 :
  Atom    Element       Mulliken Charge
     1      C                 -0.124
     2      C                 -0.141
     3      C                 -0.087
     4      C                 -0.169
     5      C                  0.104
     6      C                 -0.037
     7      C                  0.104
     8      C                 -0.799
     9      C                 -0.245
    10      C                  0.347
    11      N                 -0.309
    12      O                 -1.187
    13      O                 -0.826
    14      O                 -1.154
    15      O                 -0.386
    16      P                  2.606
    17      Br                 0.031
    18      Br                 0.075
    19      H                  0.122
    20      H                  0.140
    21      H                  0.154
    22      H                  0.142
    23      H                  0.179
    24      H                  0.234
    25      H                  0.227
 Total Mulliken Charge =      -1.000
 
                  X        Y        Z     TOTAL  
  QM DIPOLE   -57.290  -52.881  -22.961   81.276
 
 Final Structure

  QMMM: QM Region Cartesian Coordinates (*=link atom) 
  QMMM: QM_NO.   MM_NO.  ATOM         X         Y         Z
  QMMM:     1        1      C       10.7170   15.7555    8.3507
  QMMM:     2        2      C       10.5401   14.4513    8.8150
  QMMM:     3        3      C       11.3133   13.4053    8.3091
  QMMM:     4        4      C       11.7091   16.0299    7.4258
  QMMM:     5        5      C       12.5127   14.9777    6.9177
  QMMM:     6        6      C       12.2544   13.6121    7.2809
  QMMM:     7        7      C       12.9855   12.5784    6.5405
  QMMM:     8        8      C       12.6109   11.1643    6.5544
  QMMM:     9        9      C       14.0619   12.9530    5.7854
  QMMM:    10       10      C       14.4368   14.3394    5.5567
  QMMM:    11       11      N       13.5761   15.3093    6.0911
  QMMM:    12       12      O       10.7820    9.4570    5.8496
  QMMM:    13       13      O       10.2895   11.7834    5.4162
  QMMM:    14       14      O       12.1462   10.7350    4.0155
  QMMM:    15       15      O       15.4369   14.7372    4.9245
  QMMM:    16       16      P       11.4792   10.6569    5.3302
  QMMM:    17       17      Br       9.6330   17.1396    9.0073
  QMMM:    18       18      Br      11.0108   11.7784    9.2103
  QMMM:    19       19      H       13.5225   10.5348    6.3793
  QMMM:    20       20      H       12.1920   10.8462    7.5412
  QMMM:    21       21      H        9.7814   14.2498    9.5890
  QMMM:    22       22      H       11.8792   17.0625    7.0823
  QMMM:    23       23      H       14.6537   12.2144    5.2208
  QMMM:    24       24      H       13.7155   16.2639    5.8482
  QMMM:    25       25      H        9.4723   11.4037    5.7200

           --------- Calculation Completed ----------

