            --------------------------------------------------------
                             AMBER SQM VERSION 17
 
                                     By
              Ross C. Walker, Michael F. Crowley, Scott Brozell,
                         Tim Giese, Andreas W. Goetz,
                        Tai-Sung Lee and David A. Case
 
            --------------------------------------------------------
 

--------------------------------------------------------------------------------
  QM CALCULATION INFO
--------------------------------------------------------------------------------

| QMMM: Citation for AMBER QMMM Run:
| QMMM: R.C. Walker, M.F. Crowley and D.A. Case, J. COMP. CHEM. 29:1019, 2008

QMMM: SINGLET STATE CALCULATION
QMMM: RHF CALCULATION, NO. OF DOUBLY OCCUPIED LEVELS = 48

| QMMM: *** Selected Hamiltonian *** 
| QMMM: AM1         

| QMMM: *** Parameter sets in use ***
| QMMM: C : M.J.S.DEWAR et al. JACS, 107, 3902, (1985)
| QMMM: O : M.J.S.DEWAR et al. JACS, 107, 3902, (1985)
| QMMM: P : M.J.S.DEWAR et al. THEOCHEM, 187,1, (1989)
| QMMM: F : M.J.S.DEWAR et al. THEOCHEM, 180, 1, (1988)
| QMMM: H : M.J.S.DEWAR et al. JACS, 107, 3902, (1985)

| QMMM: *** SCF convergence criteria ***
| QMMM: Energy change                :  0.1D-09 kcal/mol
| QMMM: Error matrix |FP-PF|         :  0.1D+00 au
| QMMM: Density matrix change        :  0.5D-06
| QMMM: Maximum number of SCF cycles :     1000

| QMMM: *** Diagonalization Routine Information ***
| QMMM: Pseudo diagonalizations are allowed.
| QMMM: Auto diagonalization routine selection is in use.
| QMMM:
| QMMM: Timing diagonalization routines:
| QMMM:                              norbs =       78
| QMMM:    diag iterations used for timing =       15
| QMMM:
| QMMM:              Internal diag routine = 0.028991 seconds
| QMMM:                 Dspev diag routine = 0.015351 seconds
| QMMM:                Dspevd diag routine = 0.011135 seconds
| QMMM:                Dspevx diag routine = 0.048710 seconds
| QMMM:                 Dsyev diag routine = 0.016784 seconds
| QMMM:                Dsyevd diag routine = 0.012825 seconds
| QMMM:                Dsyevr diag routine = 0.014402 seconds
| QMMM:
| QMMM:                Pseudo diag routine = 0.004725 seconds
| QMMM:
| QMMM: Using dspevd routine (diag_routine=3).

  QMMM: QM Region Cartesian Coordinates (*=link atom) 
  QMMM: QM_NO.   MM_NO.  ATOM         X         Y         Z
  QMMM:     1        1      C       10.9570   15.9620    8.4510
  QMMM:     2        2      C       10.4900   14.6770    8.6960
  QMMM:     3        3      C       11.0610   13.5860    8.0980
  QMMM:     4        4      C       12.0110   16.1580    7.5950
  QMMM:     5        5      C       12.6020   15.0360    6.9830
  QMMM:     6        6      C       12.1400   13.7470    7.2240
  QMMM:     7        7      C       12.8120   12.6840    6.5420
  QMMM:     8        8      C       12.5470   11.1810    6.6230
  QMMM:     9        9      C       13.8680   13.0400    5.7120
  QMMM:    10       10      C       14.2600   14.3520    5.5330
  QMMM:    11       11      O       13.6290   15.3130    6.1640
  QMMM:    12       12      O       11.7780    8.9760    5.2440
  QMMM:    13       13      O       10.0330   10.7140    5.4950
  QMMM:    14       14      O       11.9390   11.0750    3.9480
  QMMM:    15       15      O       15.1650   14.6010    4.8120
  QMMM:    16       16      P       11.5090   10.4650    5.2630
  QMMM:    17       17      F       10.3780   17.0110    9.0510
  QMMM:    18       18      F       10.5630   12.3720    8.3680
  QMMM:    19       19      H        9.7210   14.5430    9.3230
  QMMM:    20       20      H       13.4300   10.7120    6.6160
  QMMM:    21       21      H       12.0870   10.9950    7.4910
  QMMM:    22       22      H       12.3650   17.0730    7.4000
  QMMM:    23       23      H       14.3630   12.3190    5.2260
  QMMM:    24       24      H        9.7010   10.1990    6.2930

--------------------------------------------------------------------------------
  RESULTS
--------------------------------------------------------------------------------

      iter         sqm energy              rms gradient
      ----    -------------------    -----------------------
xmin    10     -357.8732 kcal/mol        0.7517 kcal/(mol*A)
xmin    20     -358.3876 kcal/mol        0.6875 kcal/(mol*A)
xmin    30     -358.4594 kcal/mol        0.2238 kcal/(mol*A)
xmin    40     -358.5097 kcal/mol        0.0678 kcal/(mol*A)
xmin    50     -358.5203 kcal/mol        0.1083 kcal/(mol*A)
xmin    60     -358.5276 kcal/mol        0.0360 kcal/(mol*A)
xmin    70     -358.5285 kcal/mol        0.0197 kcal/(mol*A)
xmin    80     -358.5289 kcal/mol        0.0605 kcal/(mol*A)
xmin    90     -358.5292 kcal/mol        0.0382 kcal/(mol*A)
xmin   100     -358.5294 kcal/mol        0.0047 kcal/(mol*A)
xmin   110     -358.5294 kcal/mol        0.0010 kcal/(mol*A)
xmin   120     -358.5295 kcal/mol        0.0020 kcal/(mol*A)
xmin   130     -358.5295 kcal/mol        0.0008 kcal/(mol*A)
  ... geometry converged !
 
 Final MO eigenvalues (eV):
 -47.9116  -47.7301  -39.2935  -36.5030  -34.5894  -33.7971  -32.0644  -29.1382
 -28.9706  -28.7914  -28.1632  -26.4564  -22.6215  -21.9483  -20.3671  -18.2658
 -16.8316  -16.3952  -15.3884  -15.0115  -14.8478  -14.7422  -14.3169  -14.2634
 -14.0123  -13.4017  -13.1537  -12.4887  -12.3274  -11.8417  -11.4375  -11.3702
 -11.1774  -11.0234  -10.6596  -10.3555   -9.9158   -9.4257   -9.0919   -8.6902
  -8.6434   -8.1354   -7.3975   -6.8940   -6.6561   -6.3299   -6.2769   -6.1878
   1.5274    2.0628    2.9164    4.0822    4.1004    4.9387    4.9458    5.3081
   5.5347    5.6089    5.7443    5.8287    6.2453    6.6819    6.7301    6.8241
   6.8341    6.9020    7.0280    7.2474    7.3571    7.6940    7.8568    7.9318
   8.4341    8.9716    9.2359   10.2437   11.0967   12.5343

 Heat of formation   =       -358.52945773 kcal/mol  (      -15.54700393 eV)

 Total SCF energy    =     -93791.09401654 kcal/mol  (    -4067.08703077 eV)
 Electronic energy   =    -489596.72580128 kcal/mol  (   -21230.50716800 eV)
 Core-core repulsion =     395805.63178474 kcal/mol  (    17163.42013723 eV)
 
    Atomic Charges for Step       1 :
  Atom    Element       Mulliken Charge
     1      C                  0.145
     2      C                 -0.261
     3      C                  0.203
     4      C                 -0.223
     5      C                  0.151
     6      C                 -0.152
     7      C                  0.140
     8      C                 -0.784
     9      C                 -0.281
    10      C                  0.354
    11      O                 -0.209
    12      O                 -1.183
    13      O                 -0.827
    14      O                 -1.148
    15      O                 -0.326
    16      P                  2.605
    17      F                 -0.110
    18      F                 -0.081
    19      H                  0.158
    20      H                  0.122
    21      H                  0.133
    22      H                  0.165
    23      H                  0.182
    24      H                  0.228
 Total Mulliken Charge =      -1.000
 
                  X        Y        Z     TOTAL  
  QM DIPOLE   -57.839  -54.714  -22.630   82.771
 
 Final Structure

  QMMM: QM Region Cartesian Coordinates (*=link atom) 
  QMMM: QM_NO.   MM_NO.  ATOM         X         Y         Z
  QMMM:     1        1      C       10.8207   15.7977    8.3991
  QMMM:     2        2      C       10.4856   14.4744    8.7280
  QMMM:     3        3      C       11.1808   13.4063    8.1367
  QMMM:     4        4      C       11.8623   16.0625    7.5079
  QMMM:     5        5      C       12.5472   14.9775    6.9320
  QMMM:     6        6      C       12.2190   13.6247    7.1905
  QMMM:     7        7      C       12.9507   12.5904    6.4606
  QMMM:     8        8      C       12.6292   11.1689    6.5588
  QMMM:     9        9      C       13.9966   12.9917    5.6785
  QMMM:    10       10      C       14.3573   14.3726    5.4980
  QMMM:    11       11      O       13.5787   15.3635    6.1118
  QMMM:    12       12      O       11.0830    9.2178    5.8254
  QMMM:    13       13      O       10.1863   11.4555    5.6236
  QMMM:    14       14      O       12.0751   10.8317    4.0114
  QMMM:    15       15      O       15.2846   14.8936    4.8753
  QMMM:    16       16      P       11.5257   10.5485    5.3505
  QMMM:    17       17      F       10.1364   16.8210    8.9654
  QMMM:    18       18      F       10.8247   12.1674    8.5386
  QMMM:    19       19      H        9.6750   14.2690    9.4403
  QMMM:    20       20      H       13.5638   10.5637    6.4274
  QMMM:    21       21      H       12.2122   10.8975    7.5576
  QMMM:    22       22      H       12.1505   17.0902    7.2500
  QMMM:    23       23      H       14.5800   12.2690    5.0849
  QMMM:    24       24      H        9.4835   10.9360    5.9986

           --------- Calculation Completed ----------

