            --------------------------------------------------------
                             AMBER SQM VERSION 17
 
                                     By
              Ross C. Walker, Michael F. Crowley, Scott Brozell,
                         Tim Giese, Andreas W. Goetz,
                        Tai-Sung Lee and David A. Case
 
            --------------------------------------------------------
 

--------------------------------------------------------------------------------
  QM CALCULATION INFO
--------------------------------------------------------------------------------

| QMMM: Citation for AMBER QMMM Run:
| QMMM: R.C. Walker, M.F. Crowley and D.A. Case, J. COMP. CHEM. 29:1019, 2008

QMMM: SINGLET STATE CALCULATION
QMMM: RHF CALCULATION, NO. OF DOUBLY OCCUPIED LEVELS = 39

| QMMM: *** Selected Hamiltonian *** 
| QMMM: AM1         

| QMMM: *** Parameter sets in use ***
| QMMM: C : M.J.S.DEWAR et al. JACS, 107, 3902, (1985)
| QMMM: N : M.J.S.DEWAR et al. JACS, 107, 3902, (1985)
| QMMM: O : M.J.S.DEWAR et al. JACS, 107, 3902, (1985)
| QMMM: P : M.J.S.DEWAR et al. THEOCHEM, 187,1, (1989)
| QMMM: H : M.J.S.DEWAR et al. JACS, 107, 3902, (1985)

| QMMM: *** SCF convergence criteria ***
| QMMM: Energy change                :  0.1D-09 kcal/mol
| QMMM: Error matrix |FP-PF|         :  0.1D+00 au
| QMMM: Density matrix change        :  0.5D-06
| QMMM: Maximum number of SCF cycles :     1000

| QMMM: *** Diagonalization Routine Information ***
| QMMM: Pseudo diagonalizations are allowed.
| QMMM: Auto diagonalization routine selection is in use.
| QMMM:
| QMMM: Timing diagonalization routines:
| QMMM:                              norbs =       69
| QMMM:    diag iterations used for timing =       15
| QMMM:
| QMMM:              Internal diag routine = 0.021581 seconds
| QMMM:                 Dspev diag routine = 0.013872 seconds
| QMMM:                Dspevd diag routine = 0.008801 seconds
| QMMM:                Dspevx diag routine = 0.037958 seconds
| QMMM:                 Dsyev diag routine = 0.013289 seconds
| QMMM:                Dsyevd diag routine = 0.010094 seconds
| QMMM:                Dsyevr diag routine = 0.011725 seconds
| QMMM:
| QMMM:                Pseudo diag routine = 0.003568 seconds
| QMMM:
| QMMM: Using dspevd routine (diag_routine=3).

  QMMM: QM Region Cartesian Coordinates (*=link atom) 
  QMMM: QM_NO.   MM_NO.  ATOM         X         Y         Z
  QMMM:     1        1      C       10.9410   16.0150    8.4700
  QMMM:     2        2      C       10.4460   14.7670    8.7440
  QMMM:     3        3      C       11.0380   13.6730    8.1300
  QMMM:     4        4      C       11.9980   16.1450    7.6050
  QMMM:     5        5      C       12.6020   15.0360    6.9830
  QMMM:     6        6      C       12.1400   13.7470    7.2240
  QMMM:     7        7      C       12.8120   12.6840    6.5420
  QMMM:     8        8      C       12.5470   11.1810    6.6230
  QMMM:     9        9      C       13.8680   13.0400    5.7120
  QMMM:    10       10      C       14.3020   14.3460    5.4990
  QMMM:    11       11      N       13.6720   15.3480    6.1320
  QMMM:    12       12      O       11.7780    8.9760    5.2440
  QMMM:    13       13      O       10.0330   10.7140    5.4950
  QMMM:    14       14      O       11.9390   11.0750    3.9480
  QMMM:    15       15      P       11.5090   10.4650    5.2630
  QMMM:    16       16      H       10.5350   16.8230    8.8960
  QMMM:    17       17      H       13.4300   10.7120    6.6160
  QMMM:    18       18      H       12.0870   10.9950    7.4910
  QMMM:    19       19      H        9.6770   14.6500    9.3730
  QMMM:    20       20      H       12.3490   17.0620    7.4150
  QMMM:    21       21      H       14.3630   12.3190    5.2260
  QMMM:    22       22      H        9.7020   10.1990    6.2930
  QMMM:    23       23      H       15.0690   14.5350    4.8860
  QMMM:    24       24      H       10.6680   12.7670    8.3370

--------------------------------------------------------------------------------
  RESULTS
--------------------------------------------------------------------------------

      iter         sqm energy              rms gradient
      ----    -------------------    -----------------------
xmin    10     -186.2266 kcal/mol        1.1225 kcal/(mol*A)
xmin    20     -186.6691 kcal/mol        0.1606 kcal/(mol*A)
xmin    30     -186.6910 kcal/mol        0.1683 kcal/(mol*A)
xmin    40     -186.6948 kcal/mol        0.0265 kcal/(mol*A)
xmin    50     -186.6955 kcal/mol        0.0073 kcal/(mol*A)
xmin    60     -186.6955 kcal/mol        0.0165 kcal/(mol*A)
xmin    70     -186.6956 kcal/mol        0.0016 kcal/(mol*A)
  ... geometry converged !
 
 Final MO eigenvalues (eV):
 -37.8919  -34.5257  -32.3592  -31.6254  -28.8232  -28.6563  -28.1002  -28.0399
 -25.2444  -21.4972  -21.2917  -18.8477  -16.1009  -15.2706  -14.5421  -14.0813
 -12.8771  -12.4385  -12.2272  -11.7938  -11.7142  -11.4273  -10.8847  -10.8080
 -10.3328   -9.7272   -9.7000   -9.5298   -9.0437   -8.8310   -8.1730   -7.7604
  -7.7014   -6.6953   -6.4910   -6.3187   -6.0618   -5.9987   -5.7836    2.4313
   2.7735    3.9457    4.7973    5.9773    6.1113    6.4269    6.4818    6.5667
   6.8311    6.8412    6.9913    7.0870    7.1417    7.2406    7.3613    7.6691
   7.8452    7.8981    7.9648    8.0542    8.2216    8.4424    8.5583    8.7632
   9.2464    9.6947   10.5119   11.4170   12.7657

 Heat of formation   =       -186.69557355 kcal/mol  (       -8.09572757 eV)

 Total SCF energy    =     -62364.48377227 kcal/mol  (    -2704.32694906 eV)
 Electronic energy   =    -336859.78350850 kcal/mol  (   -14607.33634745 eV)
 Core-core repulsion =     274495.29973623 kcal/mol  (    11903.00939839 eV)
 
    Atomic Charges for Step       1 :
  Atom    Element       Mulliken Charge
     1      C                 -0.131
     2      C                 -0.164
     3      C                 -0.078
     4      C                 -0.123
     5      C                  0.004
     6      C                 -0.080
     7      C                  0.085
     8      C                 -0.783
     9      C                 -0.208
    10      C                 -0.043
    11      N                 -0.179
    12      O                 -1.194
    13      O                 -0.833
    14      O                 -1.153
    15      P                  2.610
    16      H                  0.113
    17      H                  0.118
    18      H                  0.117
    19      H                  0.120
    20      H                  0.131
    21      H                  0.143
    22      H                  0.223
    23      H                  0.137
    24      H                  0.165
 Total Mulliken Charge =      -1.000
 
                  X        Y        Z     TOTAL  
  QM DIPOLE   -55.487  -54.488  -23.900   81.357
 
 Final Structure

  QMMM: QM Region Cartesian Coordinates (*=link atom) 
  QMMM: QM_NO.   MM_NO.  ATOM         X         Y         Z
  QMMM:     1        1      C       10.9154   15.8835    8.3980
  QMMM:     2        2      C       10.4210   14.5651    8.5127
  QMMM:     3        3      C       11.0490   13.5277    7.8671
  QMMM:     4        4      C       12.0203   16.1470    7.6308
  QMMM:     5        5      C       12.6984   15.0890    6.9408
  QMMM:     6        6      C       12.2103   13.7498    7.0798
  QMMM:     7        7      C       12.9148   12.6893    6.4091
  QMMM:     8        8      C       12.5577   11.2788    6.5805
  QMMM:     9        9      C       14.0163   13.0396    5.6437
  QMMM:    10       10      C       14.4028   14.4031    5.5435
  QMMM:    11       11      N       13.7992   15.4018    6.1663
  QMMM:    12       12      O       11.5437    9.1263    5.5651
  QMMM:    13       13      O       10.0286   10.8965    6.2036
  QMMM:    14       14      O       11.4960   11.3102    4.1387
  QMMM:    15       15      P       11.4551   10.6006    5.4310
  QMMM:    16       16      H       10.3964   16.6974    8.9245
  QMMM:    17       17      H       13.4846   10.6503    6.5244
  QMMM:    18       18      H       12.1248   11.1060    7.5978
  QMMM:    19       19      H        9.5197   14.3810    9.1142
  QMMM:    20       20      H       12.3993   17.1748    7.5271
  QMMM:    21       21      H       14.5847   12.2801    5.0908
  QMMM:    22       22      H        9.5728   10.0877    6.4066
  QMMM:    23       23      H       15.2697   14.6772    4.9149
  QMMM:    24       24      H       10.6247   12.5113    7.9361

           --------- Calculation Completed ----------

