            --------------------------------------------------------
                             AMBER SQM VERSION 17
 
                                     By
              Ross C. Walker, Michael F. Crowley, Scott Brozell,
                         Tim Giese, Andreas W. Goetz,
                        Tai-Sung Lee and David A. Case
 
            --------------------------------------------------------
 

--------------------------------------------------------------------------------
  QM CALCULATION INFO
--------------------------------------------------------------------------------

| QMMM: Citation for AMBER QMMM Run:
| QMMM: R.C. Walker, M.F. Crowley and D.A. Case, J. COMP. CHEM. 29:1019, 2008

QMMM: SINGLET STATE CALCULATION
QMMM: RHF CALCULATION, NO. OF DOUBLY OCCUPIED LEVELS = 48

| QMMM: *** Selected Hamiltonian *** 
| QMMM: AM1         

| QMMM: *** Parameter sets in use ***
| QMMM: C : M.J.S.DEWAR et al. JACS, 107, 3902, (1985)
| QMMM: O : M.J.S.DEWAR et al. JACS, 107, 3902, (1985)
| QMMM: P : M.J.S.DEWAR et al. THEOCHEM, 187,1, (1989)
| QMMM: F : M.J.S.DEWAR et al. THEOCHEM, 180, 1, (1988)
| QMMM: H : M.J.S.DEWAR et al. JACS, 107, 3902, (1985)

| QMMM: *** SCF convergence criteria ***
| QMMM: Energy change                :  0.1D-09 kcal/mol
| QMMM: Error matrix |FP-PF|         :  0.1D+00 au
| QMMM: Density matrix change        :  0.5D-06
| QMMM: Maximum number of SCF cycles :     1000

| QMMM: *** Diagonalization Routine Information ***
| QMMM: Pseudo diagonalizations are allowed.
| QMMM: Auto diagonalization routine selection is in use.
| QMMM:
| QMMM: Timing diagonalization routines:
| QMMM:                              norbs =       81
| QMMM:    diag iterations used for timing =       15
| QMMM:
| QMMM:              Internal diag routine = 0.028851 seconds
| QMMM:                 Dspev diag routine = 0.017173 seconds
| QMMM:                Dspevd diag routine = 0.012721 seconds
| QMMM:                Dspevx diag routine = 0.054976 seconds
| QMMM:                 Dsyev diag routine = 0.019136 seconds
| QMMM:                Dsyevd diag routine = 0.014268 seconds
| QMMM:                Dsyevr diag routine = 0.016023 seconds
| QMMM:
| QMMM:                Pseudo diag routine = 0.005665 seconds
| QMMM:
| QMMM: Using dspevd routine (diag_routine=3).

  QMMM: QM Region Cartesian Coordinates (*=link atom) 
  QMMM: QM_NO.   MM_NO.  ATOM         X         Y         Z
  QMMM:     1        1      C       10.9580   15.9620    8.4500
  QMMM:     2        2      C       10.4900   14.6770    8.6960
  QMMM:     3        3      C       11.0620   13.5870    8.0980
  QMMM:     4        4      C       12.0110   16.1580    7.5950
  QMMM:     5        5      C       12.6020   15.0360    6.9830
  QMMM:     6        6      C       12.1400   13.7470    7.2240
  QMMM:     7        7      C       12.8120   12.6840    6.5420
  QMMM:     8        8      C       12.5470   11.1810    6.6230
  QMMM:     9        9      C       13.8680   13.0400    5.7120
  QMMM:    10       10      C       14.2600   14.3520    5.5330
  QMMM:    11       11      O       13.6290   15.3130    6.1640
  QMMM:    12       12      O       11.7780    8.9760    5.2440
  QMMM:    13       13      O       10.0330   10.7140    5.4950
  QMMM:    14       14      O       11.9390   11.0750    3.9480
  QMMM:    15       15      O       15.1650   14.6010    4.8120
  QMMM:    16       16      P       11.5090   10.4650    5.2630
  QMMM:    17       17      C       10.3000   17.1400    9.1370
  QMMM:    18       18      F       10.5620   12.3770    8.3680
  QMMM:    19       19      H        9.7210   14.5430    9.3230
  QMMM:    20       20      H       13.4300   10.7120    6.6160
  QMMM:    21       21      H       12.0870   10.9950    7.4910
  QMMM:    22       22      H       12.3650   17.0730    7.4000
  QMMM:    23       23      H       14.3630   12.3190    5.2260
  QMMM:    24       24      H        9.7020   10.1990    6.2930
  QMMM:    25       25      H        9.1080   17.0400    9.0400
  QMMM:    26       26      H       10.6030   17.1420   10.2980
  QMMM:    27       27      H       10.6500   18.1740    8.6350

--------------------------------------------------------------------------------
  RESULTS
--------------------------------------------------------------------------------

      iter         sqm energy              rms gradient
      ----    -------------------    -----------------------
xmin    10     -319.8962 kcal/mol        0.7755 kcal/(mol*A)
xmin    20     -320.2420 kcal/mol        0.3453 kcal/(mol*A)
xmin    30     -320.3026 kcal/mol        0.4539 kcal/(mol*A)
xmin    40     -320.3624 kcal/mol        0.1860 kcal/(mol*A)
xmin    50     -320.3727 kcal/mol        0.1223 kcal/(mol*A)
xmin    60     -320.3742 kcal/mol        0.0186 kcal/(mol*A)
xmin    70     -320.3781 kcal/mol        0.1032 kcal/(mol*A)
xmin    80     -320.3818 kcal/mol        0.0189 kcal/(mol*A)
xmin    90     -320.3831 kcal/mol        0.0142 kcal/(mol*A)
xmin   100     -320.3836 kcal/mol        0.0110 kcal/(mol*A)
xmin   110     -320.3838 kcal/mol        0.0125 kcal/(mol*A)
xmin   120     -320.3839 kcal/mol        0.0063 kcal/(mol*A)
xmin   130     -320.3840 kcal/mol        0.0121 kcal/(mol*A)
xmin   140     -320.3841 kcal/mol        0.0058 kcal/(mol*A)
xmin   150     -320.3841 kcal/mol        0.0278 kcal/(mol*A)
xmin   160     -320.3842 kcal/mol        0.0035 kcal/(mol*A)
xmin   170     -320.3842 kcal/mol        0.0008 kcal/(mol*A)
  ... geometry converged !
 
 Final MO eigenvalues (eV):
 -47.4415  -39.1450  -36.7685  -34.7509  -33.8959  -31.9616  -30.3378  -28.9409
 -28.8412  -28.4125  -26.3372  -25.7237  -21.9680  -21.1193  -20.1102  -17.4248
 -16.4146  -15.7771  -14.8347  -14.6858  -14.4687  -14.0765  -13.8207  -13.4665
 -12.8116  -12.6628  -12.2697  -12.2259  -11.6680  -11.4035  -11.2006  -11.1142
 -10.9466  -10.8576  -10.4568  -10.1050   -9.7207   -9.2538   -8.9386   -8.5510
  -8.4682   -8.0027   -7.0747   -6.7380   -6.5301   -6.2116   -6.1574   -6.0596
   1.7708    2.3623    3.1268    4.3306    4.4062    5.1410    5.2610    5.6754
   5.7571    5.8180    5.9613    6.0697    6.1256    6.1955    6.3905    6.5530
   6.9283    6.9387    7.0472    7.1211    7.1783    7.3811    7.4543    7.5207
   7.9082    8.0238    8.1015    8.6394    9.0873    9.4149   10.3846   11.2135
  12.6492

 Heat of formation   =       -320.38418359 kcal/mol  (      -13.89290072 eV)

 Total SCF energy    =     -86513.72364242 kcal/mol  (    -3751.51657094 eV)
 Electronic energy   =    -481461.53162445 kcal/mol  (   -20877.73867675 eV)
 Core-core repulsion =     394947.80798204 kcal/mol  (    17126.22210581 eV)
 
    Atomic Charges for Step       1 :
  Atom    Element       Mulliken Charge
     1      C                 -0.016
     2      C                 -0.222
     3      C                  0.178
     4      C                 -0.183
     5      C                  0.129
     6      C                 -0.141
     7      C                  0.138
     8      C                 -0.785
     9      C                 -0.283
    10      C                  0.353
    11      O                 -0.211
    12      O                 -1.185
    13      O                 -0.825
    14      O                 -1.150
    15      O                 -0.334
    16      P                  2.606
    17      C                 -0.177
    18      F                 -0.089
    19      H                  0.142
    20      H                  0.121
    21      H                  0.133
    22      H                  0.149
    23      H                  0.181
    24      H                  0.227
    25      H                  0.088
    26      H                  0.079
    27      H                  0.079
 Total Mulliken Charge =      -1.000
 
                  X        Y        Z     TOTAL  
  QM DIPOLE   -58.688  -53.040  -21.836   82.063
 
 Final Structure

  QMMM: QM Region Cartesian Coordinates (*=link atom) 
  QMMM: QM_NO.   MM_NO.  ATOM         X         Y         Z
  QMMM:     1        1      C       10.9089   15.8522    8.4445
  QMMM:     2        2      C       10.5712   14.5358    8.7726
  QMMM:     3        3      C       11.2286   13.4501    8.1699
  QMMM:     4        4      C       11.9282   16.0870    7.5310
  QMMM:     5        5      C       12.5871   14.9961    6.9330
  QMMM:     6        6      C       12.2471   13.6487    7.1981
  QMMM:     7        7      C       12.9477   12.6042    6.4530
  QMMM:     8        8      C       12.6177   11.1857    6.5713
  QMMM:     9        9      C       13.9756   12.9921    5.6409
  QMMM:    10       10      C       14.3469   14.3692    5.4489
  QMMM:    11       11      O       13.6027   15.3694    6.0841
  QMMM:    12       12      O       11.0157    9.2535    5.9161
  QMMM:    13       13      O       10.1749   11.5016    5.6247
  QMMM:    14       14      O       12.0466   10.7676    4.0411
  QMMM:    15       15      O       15.2634   14.8748    4.7961
  QMMM:    16       16      P       11.4932   10.5539    5.3918
  QMMM:    17       17      C       10.1765   16.9783    9.0694
  QMMM:    18       18      F       10.8575   12.2167    8.5795
  QMMM:    19       19      H        9.7773   14.3351    9.5061
  QMMM:    20       20      H       13.5473   10.5742    6.4326
  QMMM:    21       21      H       12.2163   10.9300    7.5809
  QMMM:    22       22      H       12.2344   17.1069    7.2595
  QMMM:    23       23      H       14.5356   12.2618    5.0344
  QMMM:    24       24      H        9.4656   11.0173    6.0328
  QMMM:    25       25      H        9.1717   17.0888    8.5887
  QMMM:    26       26      H       10.0234   16.7917   10.1610
  QMMM:    27       27      H       10.7329   17.9396    8.9471

           --------- Calculation Completed ----------

